<?xml version="1.0" encoding="utf-8"?><testsuites><testsuite name="pytest" errors="0" failures="0" skipped="2" tests="10" time="1.321" timestamp="2024-11-05T11:58:54.491704" hostname="OLI-OMEN"><testcase classname="bumpversion" name="FLAKE8" time="0.001"><skipped type="pytest.skip" message="file(s) previously passed FLAKE8 checks">/media/olivier/ssd1T/dev/kairntech/pyprocessors_reconciliation/.tox/report/lib/python3.8/site-packages/pytest_flake8.py:124: file(s) previously passed FLAKE8 checks</skipped></testcase><testcase classname="src.pyprocessors_reconciliation.__init__" name="FLAKE8" time="0.125" /><testcase classname="src.pyprocessors_reconciliation.reconciliation" name="FLAKE8" time="0.106" /><testcase classname="tests.__init__" name="FLAKE8" time="0.001"><skipped type="pytest.skip" message="file(s) previously passed FLAKE8 checks">/media/olivier/ssd1T/dev/kairntech/pyprocessors_reconciliation/.tox/report/lib/python3.8/site-packages/pytest_flake8.py:124: file(s) previously passed FLAKE8 checks</skipped></testcase><testcase classname="tests.test_reconciliation" name="FLAKE8" time="0.073" /><testcase classname="tests.test_reconciliation" name="test_model" time="0.001" /><testcase classname="tests.test_reconciliation" name="test_reconciliation_whitelist" time="0.004" /><testcase classname="tests.test_reconciliation" name="test_x_cago_en" time="0.019" /><testcase classname="tests.test_reconciliation" name="test_x_cago_de" time="0.034" /><testcase classname="tests.test_reconciliation" name="test_SHERPA_2463" time="0.011" /></testsuite></testsuites>