<?xml version="1.0" encoding="utf-8"?><testsuites><testsuite name="pytest" errors="0" failures="0" skipped="10" tests="17" time="2.410" timestamp="2023-07-13T11:11:15.129779" hostname="OLI-OMEN"><testcase classname="bumpversion" name="FLAKE8" time="0.058" /><testcase classname="src.pyconverters_newsml.__init__" name="FLAKE8" time="0.033" /><testcase classname="src.pyconverters_newsml.newsml" name="FLAKE8" time="0.101" /><testcase classname="tests.test_newsml" name="FLAKE8" time="0.251" /><testcase classname="tests.test_newsml" name="test_newsml_text" time="0.778" /><testcase classname="tests.test_newsml" name="test_newsml_pics" time="0.007" /><testcase classname="tests.test_newsml" name="test_newsml_agenda" time="0.010" /><testcase classname="tests.test_newsml" name="test_consolidate_cats" time="0.000"><skipped type="pytest.skip" message="Not a test">/home/olivier/dev/kairntech/pyconverters_newsml/tests/test_newsml.py:308: Not a test</skipped></testcase><testcase classname="tests.test_newsml" name="test_titles_lang" time="0.000"><skipped type="pytest.skip" message="Not a test">/home/olivier/dev/kairntech/pyconverters_newsml/tests/test_newsml.py:347: Not a test</skipped></testcase><testcase classname="tests.test_newsml" name="test_clean_slugs" time="0.000"><skipped type="pytest.skip" message="Not a test">/home/olivier/dev/kairntech/pyconverters_newsml/tests/test_newsml.py:397: Not a test</skipped></testcase><testcase classname="tests.test_newsml" name="test_cleanplus_slugs" time="0.000"><skipped type="pytest.skip" message="Not a test">/home/olivier/dev/kairntech/pyconverters_newsml/tests/test_newsml.py:427: Not a test</skipped></testcase><testcase classname="tests.test_newsml" name="test_translate_slugs" time="0.000"><skipped type="pytest.skip" message="Not a test">/home/olivier/dev/kairntech/pyconverters_newsml/tests/test_newsml.py:488: Not a test</skipped></testcase><testcase classname="tests.test_newsml" name="test_apply_translate_slugs" time="0.000"><skipped type="pytest.skip" message="Not a test">/home/olivier/dev/kairntech/pyconverters_newsml/tests/test_newsml.py:576: Not a test</skipped></testcase><testcase classname="tests.test_newsml" name="test_downsampling_cats" time="0.000"><skipped type="pytest.skip" message="Not a test">/home/olivier/dev/kairntech/pyconverters_newsml/tests/test_newsml.py:595: Not a test</skipped></testcase><testcase classname="tests.test_newsml" name="test_downsampling_kw" time="0.000"><skipped type="pytest.skip" message="Not a test">/home/olivier/dev/kairntech/pyconverters_newsml/tests/test_newsml.py:613: Not a test</skipped></testcase><testcase classname="tests.test_newsml" name="test_downsampling_pandemic" time="0.000"><skipped type="pytest.skip" message="Not a test">/home/olivier/dev/kairntech/pyconverters_newsml/tests/test_newsml.py:683: Not a test</skipped></testcase><testcase classname="tests.test_newsml" name="test_compute_fingerprint" time="0.000"><skipped type="pytest.skip" message="Not a test">/home/olivier/dev/kairntech/pyconverters_newsml/tests/test_newsml.py:743: Not a test</skipped></testcase></testsuite></testsuites>