<?xml version="1.0" encoding="utf-8"?><testsuites><testsuite name="pytest" errors="0" failures="0" skipped="9" tests="12" time="6.405" timestamp="2025-07-16T17:01:04.609888+02:00" hostname="OLI-OMEN"><testcase classname="bumpversion" name="FLAKE8" time="0.001"><skipped type="pytest.skip" message="file(s) previously passed FLAKE8 checks">/media/olivier/ssd1T/dev/kairntech/pyconverters_pubmedfetcher/.tox/report/lib/python3.8/site-packages/pytest_flake8.py:124: file(s) previously passed FLAKE8 checks</skipped></testcase><testcase classname="src.pyconverters_pubmedfetcher.__init__" name="FLAKE8" time="0.001"><skipped type="pytest.skip" message="file(s) previously passed FLAKE8 checks">/media/olivier/ssd1T/dev/kairntech/pyconverters_pubmedfetcher/.tox/report/lib/python3.8/site-packages/pytest_flake8.py:124: file(s) previously passed FLAKE8 checks</skipped></testcase><testcase classname="src.pyconverters_pubmedfetcher.pubmedfetcher" name="FLAKE8" time="0.000"><skipped type="pytest.skip" message="file(s) previously passed FLAKE8 checks">/media/olivier/ssd1T/dev/kairntech/pyconverters_pubmedfetcher/.tox/report/lib/python3.8/site-packages/pytest_flake8.py:124: file(s) previously passed FLAKE8 checks</skipped></testcase><testcase classname="tests.test_pubmedfetcher" name="FLAKE8" time="0.082" /><testcase classname="tests.test_pubmedfetcher" name="test_pubmedfetcher_query[SAGE Open Medical Case Reports]" time="0.000"><skipped type="pytest.skip" message="Not a test">/media/olivier/ssd1T/dev/kairntech/pyconverters_pubmedfetcher/tests/test_pubmedfetcher.py:16: Not a test</skipped></testcase><testcase classname="tests.test_pubmedfetcher" name="test_pubmedfetcher_query[Case Reports in Neurology]" time="0.000"><skipped type="pytest.skip" message="Not a test">/media/olivier/ssd1T/dev/kairntech/pyconverters_pubmedfetcher/tests/test_pubmedfetcher.py:16: Not a test</skipped></testcase><testcase classname="tests.test_pubmedfetcher" name="test_pubmedfetcher_query[Case Reports in Oncology]" time="0.000"><skipped type="pytest.skip" message="Not a test">/media/olivier/ssd1T/dev/kairntech/pyconverters_pubmedfetcher/tests/test_pubmedfetcher.py:16: Not a test</skipped></testcase><testcase classname="tests.test_pubmedfetcher" name="test_pubmedfetcher_query[Case Reports in Pediatrics]" time="0.000"><skipped type="pytest.skip" message="Not a test">/media/olivier/ssd1T/dev/kairntech/pyconverters_pubmedfetcher/tests/test_pubmedfetcher.py:16: Not a test</skipped></testcase><testcase classname="tests.test_pubmedfetcher" name="test_pubmedfetcher_query[Case Reports in Psychiatry]" time="0.000"><skipped type="pytest.skip" message="Not a test">/media/olivier/ssd1T/dev/kairntech/pyconverters_pubmedfetcher/tests/test_pubmedfetcher.py:16: Not a test</skipped></testcase><testcase classname="tests.test_pubmedfetcher" name="test_pubmedfetcher_list" time="5.529" /><testcase classname="tests.test_pubmedfetcher" name="test_pubmedfetcher_allids" time="0.000"><skipped type="pytest.skip" message="Not a test">/media/olivier/ssd1T/dev/kairntech/pyconverters_pubmedfetcher/tests/test_pubmedfetcher.py:70: Not a test</skipped></testcase><testcase classname="tests.test_pubmedfetcher" name="test_pubmedfetcher_xml" time="0.119" /></testsuite></testsuites>