Traceback (most recent call last):
  File "/work/nvme/bemy/zyuan2/.conda/envs/llamafactory/lib/python3.10/site-packages/transformers/utils/import_utils.py", line 1967, in _get_module
    return importlib.import_module("." + module_name, self.__name__)
  File "/work/nvme/bemy/zyuan2/.conda/envs/llamafactory/lib/python3.10/importlib/__init__.py", line 126, in import_module
    return _bootstrap._gcd_import(name[level:], package, level)
  File "<frozen importlib._bootstrap>", line 1050, in _gcd_import
  File "<frozen importlib._bootstrap>", line 1027, in _find_and_load
  File "<frozen importlib._bootstrap>", line 1006, in _find_and_load_unlocked
  File "<frozen importlib._bootstrap>", line 688, in _load_unlocked
  File "<frozen importlib._bootstrap_external>", line 883, in exec_module
  File "<frozen importlib._bootstrap>", line 241, in _call_with_frames_removed
  File "/work/nvme/bemy/zyuan2/.conda/envs/llamafactory/lib/python3.10/site-packages/transformers/models/bloom/modeling_bloom.py", line 38, in <module>
    from ...modeling_utils import PreTrainedModel
  File "/work/nvme/bemy/zyuan2/.conda/envs/llamafactory/lib/python3.10/site-packages/transformers/modeling_utils.py", line 69, in <module>
    from .loss.loss_utils import LOSS_MAPPING
  File "/work/nvme/bemy/zyuan2/.conda/envs/llamafactory/lib/python3.10/site-packages/transformers/loss/loss_utils.py", line 21, in <module>
    from .loss_deformable_detr import DeformableDetrForObjectDetectionLoss, DeformableDetrForSegmentationLoss
  File "/work/nvme/bemy/zyuan2/.conda/envs/llamafactory/lib/python3.10/site-packages/transformers/loss/loss_deformable_detr.py", line 4, in <module>
    from ..image_transforms import center_to_corners_format
  File "/work/nvme/bemy/zyuan2/.conda/envs/llamafactory/lib/python3.10/site-packages/transformers/image_transforms.py", line 21, in <module>
    from .image_utils import (
  File "/work/nvme/bemy/zyuan2/.conda/envs/llamafactory/lib/python3.10/site-packages/transformers/image_utils.py", line 64, in <module>
    from torchvision import io as torchvision_io
  File "/work/nvme/bemy/zyuan2/.conda/envs/llamafactory/lib/python3.10/site-packages/torchvision/__init__.py", line 10, in <module>
    from torchvision import _meta_registrations, datasets, io, models, ops, transforms, utils  # usort:skip
  File "/work/nvme/bemy/zyuan2/.conda/envs/llamafactory/lib/python3.10/site-packages/torchvision/_meta_registrations.py", line 164, in <module>
    def meta_nms(dets, scores, iou_threshold):
  File "/work/nvme/bemy/zyuan2/.conda/envs/llamafactory/lib/python3.10/site-packages/torch/library.py", line 828, in register
    use_lib._register_fake(op_name, func, _stacklevel=stacklevel + 1)
  File "/work/nvme/bemy/zyuan2/.conda/envs/llamafactory/lib/python3.10/site-packages/torch/library.py", line 198, in _register_fake
    handle = entry.fake_impl.register(func_to_register, source)
  File "/work/nvme/bemy/zyuan2/.conda/envs/llamafactory/lib/python3.10/site-packages/torch/_library/fake_impl.py", line 31, in register
    if torch._C._dispatch_has_kernel_for_dispatch_key(self.qualname, "Meta"):
RuntimeError: operator torchvision::nms does not exist

The above exception was the direct cause of the following exception:

Traceback (most recent call last):
  File "/work/nvme/bemy/zyuan2/miniforge3/envs/llamafactory/bin/llamafactory-cli", line 5, in <module>
    from llamafactory.cli import main
  File "/work/nvme/bemy/zyuan2/code/LLaMA-Factory/src/llamafactory/__init__.py", line 28, in <module>
    from .extras.env import VERSION
  File "/work/nvme/bemy/zyuan2/code/LLaMA-Factory/src/llamafactory/extras/env.py", line 22, in <module>
    import peft
  File "/work/nvme/bemy/zyuan2/.conda/envs/llamafactory/lib/python3.10/site-packages/peft/__init__.py", line 17, in <module>
    from .auto import (
  File "/work/nvme/bemy/zyuan2/.conda/envs/llamafactory/lib/python3.10/site-packages/peft/auto.py", line 31, in <module>
    from .config import PeftConfig
  File "/work/nvme/bemy/zyuan2/.conda/envs/llamafactory/lib/python3.10/site-packages/peft/config.py", line 24, in <module>
    from .utils import CONFIG_NAME, PeftType, TaskType
  File "/work/nvme/bemy/zyuan2/.conda/envs/llamafactory/lib/python3.10/site-packages/peft/utils/__init__.py", line 17, in <module>
    from .other import (
  File "/work/nvme/bemy/zyuan2/.conda/envs/llamafactory/lib/python3.10/site-packages/peft/utils/other.py", line 34, in <module>
    from .constants import (
  File "/work/nvme/bemy/zyuan2/.conda/envs/llamafactory/lib/python3.10/site-packages/peft/utils/constants.py", line 16, in <module>
    from transformers import BloomPreTrainedModel
  File "<frozen importlib._bootstrap>", line 1075, in _handle_fromlist
  File "/work/nvme/bemy/zyuan2/.conda/envs/llamafactory/lib/python3.10/site-packages/transformers/utils/import_utils.py", line 1956, in __getattr__
    value = getattr(module, name)
  File "/work/nvme/bemy/zyuan2/.conda/envs/llamafactory/lib/python3.10/site-packages/transformers/utils/import_utils.py", line 1955, in __getattr__
    module = self._get_module(self._class_to_module[name])
  File "/work/nvme/bemy/zyuan2/.conda/envs/llamafactory/lib/python3.10/site-packages/transformers/utils/import_utils.py", line 1969, in _get_module
    raise RuntimeError(
RuntimeError: Failed to import transformers.models.bloom.modeling_bloom because of the following error (look up to see its traceback):
operator torchvision::nms does not exist
