<?xml version="1.0" encoding="utf-8"?><testsuites><testsuite name="pytest" errors="0" failures="0" skipped="0" tests="8" time="1.374" timestamp="2023-04-07T14:26:52.880606" hostname="OLI-OMEN"><testcase classname="bumpversion" name="FLAKE8" time="0.056" /><testcase classname="src.pyprocessors_afp_sports.__init__" name="FLAKE8" time="0.023" /><testcase classname="src.pyprocessors_afp_sports.afp_sports" name="FLAKE8" time="0.071" /><testcase classname="tests.__init__" name="FLAKE8" time="0.023" /><testcase classname="tests.test_afp_sports" name="FLAKE8" time="0.045" /><testcase classname="tests.test_afp_sports" name="test_model" time="0.000" /><testcase classname="tests.test_afp_sports" name="test_afp_sports" time="0.769" /><testcase classname="tests.test_afp_sports" name="test_SHERPA_17777" time="0.003" /></testsuite></testsuites>