<?xml version="1.0" encoding="utf-8"?><testsuites><testsuite name="pytest" errors="0" failures="0" skipped="9" tests="11" time="1.269" timestamp="2025-06-26T16:56:25.415908+02:00" hostname="OLI-OMEN"><testcase classname="bumpversion" name="FLAKE8" time="0.001"><skipped type="pytest.skip" message="file(s) previously passed FLAKE8 checks">/media/olivier/ssd1T/dev/kairntech/pyconverters_pypowerpoint/.tox/report/lib/python3.8/site-packages/pytest_flake8.py:124: file(s) previously passed FLAKE8 checks</skipped></testcase><testcase classname="src.pyconverters_pypowerpoint.__init__" name="FLAKE8" time="0.001"><skipped type="pytest.skip" message="file(s) previously passed FLAKE8 checks">/media/olivier/ssd1T/dev/kairntech/pyconverters_pypowerpoint/.tox/report/lib/python3.8/site-packages/pytest_flake8.py:124: file(s) previously passed FLAKE8 checks</skipped></testcase><testcase classname="src.pyconverters_pypowerpoint.pptx2md.log" name="FLAKE8" time="0.000"><skipped type="pytest.skip" message="file(s) previously passed FLAKE8 checks">/media/olivier/ssd1T/dev/kairntech/pyconverters_pypowerpoint/.tox/report/lib/python3.8/site-packages/pytest_flake8.py:124: file(s) previously passed FLAKE8 checks</skipped></testcase><testcase classname="src.pyconverters_pypowerpoint.pptx2md.multi_column" name="FLAKE8" time="0.000"><skipped type="pytest.skip" message="file(s) previously passed FLAKE8 checks">/media/olivier/ssd1T/dev/kairntech/pyconverters_pypowerpoint/.tox/report/lib/python3.8/site-packages/pytest_flake8.py:124: file(s) previously passed FLAKE8 checks</skipped></testcase><testcase classname="src.pyconverters_pypowerpoint.pptx2md.outputter" name="FLAKE8" time="0.116" /><testcase classname="src.pyconverters_pypowerpoint.pptx2md.parser" name="FLAKE8" time="0.000"><skipped type="pytest.skip" message="file(s) previously passed FLAKE8 checks">/media/olivier/ssd1T/dev/kairntech/pyconverters_pypowerpoint/.tox/report/lib/python3.8/site-packages/pytest_flake8.py:124: file(s) previously passed FLAKE8 checks</skipped></testcase><testcase classname="src.pyconverters_pypowerpoint.pptx2md.types" name="FLAKE8" time="0.000"><skipped type="pytest.skip" message="file(s) previously passed FLAKE8 checks">/media/olivier/ssd1T/dev/kairntech/pyconverters_pypowerpoint/.tox/report/lib/python3.8/site-packages/pytest_flake8.py:124: file(s) previously passed FLAKE8 checks</skipped></testcase><testcase classname="src.pyconverters_pypowerpoint.pptx2md.utils" name="FLAKE8" time="0.000"><skipped type="pytest.skip" message="file(s) previously passed FLAKE8 checks">/media/olivier/ssd1T/dev/kairntech/pyconverters_pypowerpoint/.tox/report/lib/python3.8/site-packages/pytest_flake8.py:124: file(s) previously passed FLAKE8 checks</skipped></testcase><testcase classname="src.pyconverters_pypowerpoint.pypowerpoint" name="FLAKE8" time="0.000"><skipped type="pytest.skip" message="file(s) previously passed FLAKE8 checks">/media/olivier/ssd1T/dev/kairntech/pyconverters_pypowerpoint/.tox/report/lib/python3.8/site-packages/pytest_flake8.py:124: file(s) previously passed FLAKE8 checks</skipped></testcase><testcase classname="tests.test_pypowerpoint" name="FLAKE8" time="0.000"><skipped type="pytest.skip" message="file(s) previously passed FLAKE8 checks">/media/olivier/ssd1T/dev/kairntech/pyconverters_pypowerpoint/.tox/report/lib/python3.8/site-packages/pytest_flake8.py:124: file(s) previously passed FLAKE8 checks</skipped></testcase><testcase classname="tests.test_pypowerpoint" name="test_pypowerpoint" time="0.637" /></testsuite></testsuites>