TN:
SF:/vagrant/django_stachoutils/__init__.py
DA:2,1,V8zEXWDm+aX6iQFtIkoNOA
DA:4,1,r3t7fjJOK3yS1zsTmre7mA
DA:5,1,kFDDbPEUDwwjrDVUzYhu5Q
DA:6,1,B33RtKIWGc0PEBq81ilBVw
DA:7,1,p7hNY1S5rX9QtYADf+cK4g
DA:8,1,tsh7kKpjJXQUQhNng221Ww
DA:10,1,WpEjgxacqgxANZhpobgHYQ
DA:11,1,pXfh6zOnH0vCY5NXsJNigQ
DA:12,1,CbEb/ed8Mmjn6fSaKbRg4A
DA:13,1,m1UOQODZQjvyttq7hf8Qbw
DA:15,1,7fQ1IKlvGUzvGgz7L+2KBg
DA:18,1,LeprmqpncDizg4HukFlrfg
DA:19,1,L/VP6Hd6FGObETRP1+qSZQ
DA:20,1,xWFnVNgrY17nbiAT1xajNw
DA:21,1,TmZ9uhKQkL9IE3o4qwMMMA
DA:22,1,EQULjpNZzeU7Sizy8wPFBA
DA:24,1,V1VmeYZqAXf3qa7jQDlbqw
DA:25,1,xWokAkzM/cwsdWohzNANcw
DA:28,1,OH0WYhIqJJSUia9o2/wXtg
DA:29,1,IYU2mNfmEdaX2ylY2U5jqA
DA:30,1,yEDURpbr1QhQOOua6A/8gw
DA:32,1,sbHtemg9McemGNHFdbNFzA
DA:33,1,vQ1QldLp18s8MdD4F0dqow
DA:34,1,03nWpcmDVsMLu9473KrNoQ
DA:35,1,cGN5xnDqWyrl6YsTXnP8Tw
DA:36,1,EDFYvBUhOmi+3NOwSHKYoA
DA:40,1,qoC5XnBlrYyzLkvaK1FaaA
DA:41,1,d4msblTKYWM0qn43bOs+gQ
DA:44,1,6LsduiNypLxDokgHaDu/zQ
DA:45,1,6NHXsgjxhGxiSavpScBlYw
DA:48,1,q6/CtS8D4GOv8v1+VmYAow
DA:51,1,yWda0tEB3qKQOgA/H8HbWw
DA:52,1,wDPFAf39KhC68eOyEbwjBg
DA:55,1,MtVFLoHOJ3tPv28EMMoeHw
DA:56,1,PZuSASTe62OXCRkf8GMxmw
DA:58,1,aIYKjMQvfMyMGm1wuv0YVA
DA:59,1,t84oK9HXrTbe54+VsuGR5Q
DA:60,1,BuHVan6g6gYeSv21EyegzQ
DA:61,1,SebbQppNIBJ314BzwDNs/g
DA:62,1,ua/DubWDGuepeBxB3bj1iQ
DA:65,1,O9Byd3UcNHdjku3bm3ph/w
DA:68,1,Dm5u8RNLvHsI3h0F7tAItA
DA:70,1,gXKl3ecQVpJ+000FAi8Xhw
DA:71,1,0gexjks6nb4dyFIn1jX60w
DA:72,1,PI2PncNpLsOZ4dao+lOekw
DA:73,1,paXT3pnKSzjtyUxYESxXQQ
DA:74,1,4GL7xNCNTPgQLP9KtQfHMw
DA:75,1,pDJEJzGeiRbLzGN/X+ns9g
DA:76,1,F87An9Den829aFxTO2UICg
DA:77,1,c+W1mJuYfN8i39SwyiJk4w
DA:78,1,O/qve7leYpvLB8MQvYMJXw
DA:79,1,ua/DubWDGuepeBxB3bj1iQ
DA:88,1,YdNAEX5CjSsTXtpPbX1xkg
DA:89,1,ObDjOzHGX3Tim4cdxqI/Og
DA:91,1,bpi85sy3v1hut4GKjJMUfQ
DA:92,1,BKV3S3755PwzWWiQyM9zEw
DA:93,1,gWUF71wBXrBjmPYQ41e3FA
DA:94,1,9LzPPeynDRJyxTHr1jjBeg
DA:95,1,iS3DHoRU/hRbznM0AW6IDA
DA:96,1,BJBlZsSWstphiTlZImt1kA
DA:100,1,2Tt8ecmS7flbot2QWKVnXg
DA:103,1,38KpmcwBcLKmwrP4al6/hA
DA:104,1,l3td32KygVQmFtKiWdsZ4Q
DA:107,1,Kkk1VHfOiBP1HTzm7GR8Ag
DA:108,1,86ycj1Feo4TKm7hvORySDg
DA:111,1,1hhkVG/2MAItkymYZOUVjw
DA:112,1,GOyc0sIBDyDesObFBNas5w
DA:113,1,W/g8GJDAYJkSSurt59Mzfw
DA:114,1,O8MbLfLgbPiqSnpo59oedw
DA:115,1,W/g8GJDAYJkSSurt59Mzfw
DA:116,1,LWILTcvARcydjFFyo9qM0A
DA:119,1,xQl6niFTrkjU85LWjWHbKA
DA:120,1,hcxs8bZ1Z1DkNXIEwiTS2w
DA:121,1,OiXOTyxGTPp2Qt6Xxg6PXA
DA:122,1,W7P9bvxCGT9LkPYBK4bBNA
DA:123,1,05cZ+uU/Zgwz16upQpbc8g
DA:124,1,ffND0d8h+8J30J5IUYTKVQ
DA:127,1,5Djuc7/YsU72tHiHxNTsNw
DA:128,1,UrXp+4uiAahNwt2zR/QzXw
DA:129,1,Vq6X0XXC7p0kSnBRAygibQ
DA:130,1,MnKnBVK6flR6n/8u5wSq1w
DA:131,1,m05v/w680MCdmYjOA0ztKQ
DA:132,1,njOdbqAJH5dP3CiVriBTvA
DA:133,1,8+AivXs8p09p+ivQifpu7g
DA:134,1,PDqoagMuT1dZjdZcCfpqNw
LF:85
LH:85
end_of_record
TN:
SF:/vagrant/django_stachoutils/csv_utf8.py
DA:1,1,OThKZS33aB62FNoVoH02IA
DA:4,1,doXS7Hxhp6Cf/vEpjY+nBA
DA:5,1,FpMeJiTlfHuvJMC613iSSQ
DA:6,1,3d+yBMLmzTJGFj0u+D0H2A
DA:8,1,ENuGj28vEYRBnPs2KEqRxg
DA:9,1,HLSwN15e8j7lJAtnNFWYGA
DA:11,1,fVgOH6ib9mcB9KxozJvYug
DA:12,1,Lbz4yYWXV1SqowQb+iqr5A
DA:13,1,Lut3b5nlCZfLfYGzWAMNyQ
LF:9
LH:9
end_of_record
TN:
SF:/vagrant/django_stachoutils/decorators.py
DA:3,1,B33RtKIWGc0PEBq81ilBVw
DA:4,1,4KXOIu0EzlFAqlH6QJ+whA
DA:6,1,0lpw0BlSx0b5P6EI0cUPZA
DA:9,1,/IvVxlXuZQuvObTB8burFg
DA:10,1,1aMsvAvM2KBa16ZmUqmKTQ
DA:11,1,5Eay2ozMMQE+QbXkWx2xDA
DA:12,1,SdfCVk65jJiZm7A8ZwenAQ
DA:13,1,WEtDhT6PiLfbYFLtmvIFpA
DA:14,1,NU+5+zJkUOqnW/rjANhiwg
DA:15,1,FNjTl+5z4LuYe2SSgCvuNg
DA:16,1,wHoFn4dNzaS4frIixk5FdQ
DA:17,1,0O9kVZtFy8xdYKD+Kz3J3g
DA:18,1,rY/zG64IvbFFgPYrr2CcSg
DA:19,1,xcw5x7EYKDTIEb9N10W3/w
DA:22,1,6OzztaCDqHn6y3PQ7us4xA
DA:23,1,A0c0mWOTYQNmSvpAcU/k7w
DA:53,1,spFmimPZFHzfpNFMf0ofog
DA:24,0,N+aAPw0EmStqNA2W89IBNA
DA:25,0,hryNqXg1y3PAmrwBfeNjaw
DA:26,0,dnQ4td3NuPBNqfQpueHVQA
DA:27,0,X2RmHfbkjWi/EPqTh5d8nQ
DA:29,0,TtTbhc58FG3FQq8UnjMqhA
DA:30,0,SyDBp5RSBf4myc+QX4mRJQ
DA:32,0,Fbz3OLfVhjyVYbEs3knmzg
DA:33,0,XCiQne91VzHRIOAwQnCdlQ
DA:34,0,GSWBZK79CRRUPc0sDGOywQ
DA:35,0,Kas88DUjluuQjd256ot7vQ
DA:36,0,hZ/U+NgEGVLEOhHyM31Dvw
DA:37,0,5QE48QjrH5QnRQFpzKrVrA
DA:38,0,LyRYBTs0Ub+zqAZx1q+cHA
DA:39,0,jCMBUAfNCbiObKwphTDcsw
DA:40,0,FcWUbzk+64v3PtVkwNjelw
DA:41,0,5SuMnIFrmNqqut/Pi1HmkQ
DA:42,0,AodU+Ot4SCXHg1OFz30xow
DA:43,0,/2kfWnV97TQvIH6qBAKT5w
DA:44,0,0oD2RKt8hKFA7JMXOzHCmQ
DA:46,0,gJH0DAQO4lGVlsjmaVyVGg
DA:47,0,aTR3WuaPK6aktvnF8eX2Iw
DA:49,0,Ktx8QPQgUgg1EJex9wQhEQ
DA:50,0,3B0VFHGNGmyQniWWOqhXMg
DA:54,0,hcxs8bZ1Z1DkNXIEwiTS2w
DA:55,0,OiXOTyxGTPp2Qt6Xxg6PXA
DA:56,0,W7P9bvxCGT9LkPYBK4bBNA
DA:57,0,05cZ+uU/Zgwz16upQpbc8g
DA:58,0,sNrLa5HwzVv2p8qn5ObJug
LF:45
LH:17
end_of_record
TN:
SF:/vagrant/django_stachoutils/forms/__init__.py
DA:3,1,QfTQmSJowTH6bHsntAFgxQ
DA:4,1,CdHE5K9zuIyKZ2qs2wSEcw
DA:5,1,FHzxJRsLRVUW7zxJk6ONBg
DA:6,1,S1vE6putY33Kb5HfSz/9qQ
LF:4
LH:4
end_of_record
TN:
SF:/vagrant/django_stachoutils/forms/fields.py
DA:3,1,+pregwbFGoeupWM5/jQ4XQ
DA:4,1,1+m7hdc47TYODyOo798M7g
DA:7,1,7ZZ67/e05A8JNQ5Lk4hwHQ
DA:8,1,9/z3COQFzzrtG9E/QDTmPQ
DA:9,1,uaKWPaF1lMPvC8bERQSUtQ
DA:10,1,i7ivxPzLyaKWZK+6oFYk7w
DA:11,1,9B2LDBxtCUIicPxUt9bKbA
DA:12,1,J96PCrLW0ntDpmEYuK8ozA
DA:13,1,sj9LK4RqLA0jC1jPqufvGQ
DA:15,1,Tx85N685yOuEbHxd8BwXpA
DA:18,1,IxfFFYmenjPecNy0wz7w9g
DA:16,0,vg7EhgupWEdEoYKaA6j9Yg
DA:19,0,7RaIP2Z2CTe13j4S7sYS+w
LF:13
LH:11
end_of_record
TN:
SF:/vagrant/django_stachoutils/forms/models.py
DA:3,1,ZvOirLJm1KaXpNzXtWNxIg
DA:4,1,3cRVuopzTZHyM7mGOGtuWA
DA:5,1,+pregwbFGoeupWM5/jQ4XQ
DA:6,1,XsYu0hXvsa2xoft5GZlNhg
DA:7,1,CbEb/ed8Mmjn6fSaKbRg4A
DA:8,1,HFrEtk5IKHYF9uX5y2Ox6g
DA:9,1,K6ThEZw22CyPKiBBs5fT6A
DA:10,1,Ptq9l9CfARTYtzoChXDTGw
DA:15,1,QwPOJfbNs490DFUCU8bbvw
DA:16,1,LoPDG9T7gRQdhtJmaTmC/w
DA:17,1,gFdDmqVgIqfknyq+TMFzTw
DA:20,1,3Nt9FAqmqnb0bCDbHSqAvg
DA:21,1,+Tw4kseYZAKI4I9YStP1Rw
DA:22,1,C/qHjSPU556WhjhecdcIaA
DA:23,1,zHA/gUDjYzCYinRnuAfbPQ
DA:24,1,n0FkL5LZg+9588MTNw3k3g
DA:25,1,RI5FHyAJ/NMiWsoYCQcP8g
DA:28,1,z0eHkBOP1lJ54uTUyBAhIA
DA:29,1,/ZvqiDY7XVzMiSFdpC6ZCg
DA:88,1,uGUl/8ln5/u2N7ovgzVIXQ
DA:89,1,SG0BI/Gr9eyyURVMRABlPg
DA:90,1,kCWzGv+RFSzoG6tah7CSAw
DA:91,1,anJFTbcZZhkY0UdOx/7F/A
DA:92,1,Dp5admCN4gRtGIIfvbfnXQ
DA:93,1,1N5IL7weZfjR3VeKE8We6Q
DA:94,1,Jq8CTYI5Wka3L4J8s930fA
DA:95,1,tBqmA7MRG1KzliAFgWjXPg
DA:99,1,to23gZJMjE0+//Am6DILWg
DA:100,1,is38RX8NlHZ1iPwDzpS63A
DA:101,1,kCWzGv+RFSzoG6tah7CSAw
DA:102,1,q/HzCs3H93SiCr8tq9LoEA
DA:103,1,DCdd0+UZFFhe3vOcAOQIDQ
DA:104,1,eqbXBPv2ES+sqKXPKY+Ruw
DA:105,1,29HyHEFUdDenJBXy4J8rIg
DA:106,1,AVbm+BKaeAzt9kdWthUUrQ
DA:108,1,7SKQ59MLHwOkltkPFatrNQ
DA:109,1,hNJ9mAbcH6+zhlbMmIc8Xg
DA:110,1,LCCFSYalNR2gYW+SiUA/Jg
DA:111,1,z1FY6hyPBCbZwMZY9KnRLg
DA:113,1,q/HzCs3H93SiCr8tq9LoEA
DA:114,1,25CX9O/ROecpE0GSK5wlxw
DA:115,1,MUnT+lN6tTm2Wh8ivb9Fvw
DA:116,1,tJ8SoN1mgXQvHzyWRAx6nw
DA:117,1,RNTcXKXjj7lXLnpY02o0Sg
DA:118,1,W/g8GJDAYJkSSurt59Mzfw
DA:120,1,eBGlhtYHqrTuEg5BKCjHSw
DA:121,1,Bd394jS3QSQfqc3J7f+F1Q
DA:122,1,GeqZc3KqSBXlmwShmao3bQ
DA:123,1,+tWw4SG19hDGxyHfERm90Q
DA:124,1,XpEizYPdbFI9muaPaXwb4A
DA:126,1,A78Z5BJNKcrthkYBBaxY4Q
DA:127,1,evwwYBAq9/g6vVJrUsDYGg
DA:128,1,+wjHQ3dhYrY1spcka8v1vg
DA:129,1,NGpEgqTJDJU25FwvBu3JjQ
DA:130,1,hjOBjNDHJvCXDHBFMRAxug
DA:131,1,ydIzBRE79EkXzmtQ5VSzow
DA:132,1,CjGdVetck0Ne5HLAcNze1Q
DA:133,1,AT2IcQyzweHCd0PzfoLiKA
DA:134,1,eqbXBPv2ES+sqKXPKY+Ruw
DA:135,1,/gfcSmcQVEYhUBivvVKejg
DA:136,1,9i5y+5NRtufL3sL1KswiQA
DA:139,1,9KbYGw/ZcqJdPnuU1TH0lQ
DA:140,1,NVq33fKx2OfFygqICmxRaw
DA:148,1,cx0IWDQ2r5QNKwk5MpkI3Q
DA:149,1,/sTmLVDcAe12Z/B7aOrcCQ
DA:150,1,gwQIRpqZySMBwbE5PKCiaA
DA:151,1,wPstnS6P+eGfDl7C9kYINw
DA:152,1,Hl4qS4WI3ex0UkUVtpTRyg
DA:153,1,HRmYgrUgQRrlHMAQ7gWdXQ
DA:154,1,26hsFiDpBrO/ZsNCLilRPw
DA:155,1,F2FWQ87NuCM1q15AfUZWHg
DA:156,1,w4DKiLyYEBjqzLre2jVgpQ
DA:159,1,b8E0u34Ct0tNrxmiv1BFow
DA:161,1,l3e2fS0TyL4SQ0FBKAziAA
DA:158,0,rJ7IySCvX+I3r37Jk3C0Mg
LF:73
LH:72
end_of_record
TN:
SF:/vagrant/django_stachoutils/forms/nested.py
DA:3,1,3cRVuopzTZHyM7mGOGtuWA
DA:4,1,+pregwbFGoeupWM5/jQ4XQ
DA:5,1,XsYu0hXvsa2xoft5GZlNhg
DA:6,1,Fqqu5sGPVb/wzWM+nBeTCw
DA:7,1,Ptq9l9CfARTYtzoChXDTGw
DA:9,1,uVLjdFWkJlX0AY0CY+bYxw
DA:12,1,9H68gLYaW29/Tv2HIpeokw
DA:13,1,LoPDG9T7gRQdhtJmaTmC/w
DA:14,1,SfAlhOTThHHRQAzUDLFs5g
DA:15,1,lyJt+2XwFV6M0+QNwBJUcw
DA:18,1,rDyQBRPCTDq5698qa2ASAQ
DA:19,1,L3ZJ88tJzX9pWoXu+63s3w
DA:20,1,C/qHjSPU556WhjhecdcIaA
DA:21,1,ZhXRTq+jFoAbqVyQVqClvA
DA:23,1,gc5uOaKCpn6Fi1kblGUU3g
DA:24,1,RI5FHyAJ/NMiWsoYCQcP8g
DA:27,1,QxNRB6BgmSkk4t0a3C/9zg
DA:28,1,uGUl/8ln5/u2N7ovgzVIXQ
DA:29,1,vEKQYufebUt5bVHag5E5Fg
DA:30,1,X8LtLB0ZBoFaEUULuOzVug
DA:31,1,KBVpykZGEOA0d8s7ODhoOw
DA:32,1,C6I6XXaBFGBdYSEbXaHVSQ
DA:33,1,vjwE+WdwjUW8YhFkEdWyhg
DA:35,1,gVkR2rY4XCSDVyGkKz0jMw
DA:37,1,U9nLwssNSSMidbR/Q3KI4w
DA:39,1,X+YQS7lkfHrRg7R4EW2Tlg
DA:40,1,rwMUrD25kvrinaxDtogHuA
DA:41,1,SU/nsP9G85IMCWR5QstPfw
DA:43,1,VlJA2JdXX8eB2XaQMeVoZA
DA:45,1,tGxEO3niq64Mcja1FlgwZA
DA:46,1,iJqCql8DZFq0IV/zDqmo7w
DA:47,1,Mx7MOHic4f3hr69bu3kw2Q
DA:49,1,n5g0S2zaSdQFdZ4ojVr/CQ
DA:51,1,KVA0z7HWp1m7MMtYvHdlwA
DA:52,1,P5bs43X03YglBUyyUm0XHQ
DA:53,1,pXyGwnPgtPJ1xHqCFS2CAg
DA:54,1,AEiPKn8rOkR+vHBADZkq1A
DA:55,1,bbN2hiKkOkT2uyXorrFi1A
DA:56,1,Ui2cRhmHdVzKSdEIDjzfxA
DA:57,1,g0QuYbI4ilGZhps54HzFoA
DA:58,1,Xj/q5q7oHyRTzaQcwth8gw
DA:59,1,njOJQ6ZW4d2iCAYrb/53iw
DA:61,1,P3xBSwqpyvsOvyVJ0k8FnA
DA:62,1,amLqP2gP18DORur1Jyg2oQ
DA:64,1,3t1NiyBOvwmC5ypX22YDvg
DA:65,1,8o7pQ+PfRGnWgImHljSWSA
DA:66,1,9fLoJgiNcRWdzD/9m//6+A
DA:67,1,BqP89alw/m9q8tnbtx89Vg
DA:69,1,00MTLk3TfLPG0aqecCivAA
DA:70,1,H9RgyK9hHSgYmiZl86XZIw
DA:72,1,7SKQ59MLHwOkltkPFatrNQ
DA:73,1,8+RIl1NPvfSatVKViwjKvA
DA:74,1,BQAdlt7iRAB7HKsufzfrkg
DA:75,1,OTTQ+KlJVAEK5G3Tzh7TNQ
DA:76,1,z1FY6hyPBCbZwMZY9KnRLg
DA:77,1,4pbTN7azK3v/HNZ/KK1rdA
DA:80,1,W/g8GJDAYJkSSurt59Mzfw
DA:82,1,to23gZJMjE0+//Am6DILWg
DA:83,1,+vGGxvwEC/ePpGR1SgI3Rw
DA:84,1,ylPWK78nuFlOPtLbJrzjYg
DA:85,1,Q+928GoxoKwSBoF4emxxpg
DA:86,1,ncQGIF1g4CIyWVw/Y9nAiA
DA:87,1,FiAnRuJeNWC1haMBc6rA8A
DA:88,1,cwl+RQS6TsayVNODZja50w
DA:89,1,xp7TWD2rWcNwucLE5PlPYg
DA:90,1,sIbe4iu4+C6us2yv+dySfw
DA:91,1,AVbm+BKaeAzt9kdWthUUrQ
DA:34,0,nXIfez7/EY9DszN45jnuoQ
DA:42,0,1K21N3PfXN/J/v/9zXZXgw
DA:60,0,HD5MENq8MERpo6NCKN+SRA
DA:68,0,u+PvFUAlIkvocA9sBQGkmw
LF:70
LH:66
end_of_record
TN:
SF:/vagrant/django_stachoutils/forms/widgets.py
DA:3,1,3cRVuopzTZHyM7mGOGtuWA
DA:4,1,/9j88LWsDOfeMPFsLqmQlQ
DA:5,1,+pregwbFGoeupWM5/jQ4XQ
DA:6,1,QowvZXt28MSQfN5bbw3zHw
DA:7,1,xxPMQMqhBeIwu/W197mWTg
DA:8,1,K6ThEZw22CyPKiBBs5fT6A
DA:10,1,yI2fSmLTBhoYbio1XiI55g
DA:11,1,cg4FKDtwKNjdJdepk+kV1Q
DA:13,1,8Zuh95w2Kg8VJdUPrANwew
DA:15,1,wIBEjZW0aNH64XjOx/FmsQ
DA:18,1,k9Y82UXKRJ2rPW07GORwbg
DA:27,1,7ZMkbNxgXpCk0e0rk8R/Eg
DA:28,1,YUyPizfI/trASlCUx21QtQ
DA:30,1,YVDKSPWKa5kwg6lLfvHaEQ
DA:31,1,Xft/2fUr35qx5CLjafHgCA
DA:32,1,D0DT7R5tpTe7MqakrDBO5Q
DA:35,1,tjzHJdnttT6tYthgxWlrXw
DA:36,1,PdeqDqr4bOft68ON3+/7kg
DA:39,1,yLy55H+6UfVRO+X8DQxEMA
DA:40,1,c+EcHAphx5qkBGk49Uu0mA
DA:41,1,gsxoxF/WE5BRdDUlCkFcZg
DA:42,1,PSZuSCNpZIV+plp1io5ZZg
DA:43,1,4MG3JOnZn5Qgi2Op9yUHIg
DA:45,1,GI3AQ/W/oiwS4ig6zOxP3A
DA:46,1,CBKbnONngfmjbw5Ad48sCQ
DA:47,1,hKQUDmlmiEMVcAvBnE0lIA
DA:48,1,RMbc70MKi46/JWtdJOL3KA
DA:49,1,m1Ts25S3y8eBwdR9ZwqEZg
DA:50,1,bLkUB7eD1iBjvy7KRgI6CQ
DA:51,1,iwJtD6U0PdmRv6ANRVRLXQ
DA:52,1,ez4PPvvFcWwLFEiBYj04rA
DA:68,1,H+LFbUu1Y1Shu9YFlcdhQw
DA:71,1,Jskf2zNZLrqT6kWE/6hfKA
DA:72,1,+A8ekPnd4rPgG2G+OdJlSw
DA:75,1,NvS4KbJTOR4G0CmtkbI2cA
DA:76,1,c+EcHAphx5qkBGk49Uu0mA
DA:77,1,gsxoxF/WE5BRdDUlCkFcZg
DA:78,1,PSZuSCNpZIV+plp1io5ZZg
DA:79,1,rE/oaaeCWfQtjPEgvncyBw
DA:81,1,GI3AQ/W/oiwS4ig6zOxP3A
DA:82,1,vqOy74oDmPT3ijWJxcFe5A
DA:83,1,hKQUDmlmiEMVcAvBnE0lIA
DA:84,1,RMbc70MKi46/JWtdJOL3KA
DA:85,1,m1Ts25S3y8eBwdR9ZwqEZg
DA:86,1,bLkUB7eD1iBjvy7KRgI6CQ
DA:87,1,iwJtD6U0PdmRv6ANRVRLXQ
DA:88,1,ez4PPvvFcWwLFEiBYj04rA
DA:104,1,XR4Jz6MhK+kp7OFmEB0vEw
DA:106,1,YVDKSPWKa5kwg6lLfvHaEQ
DA:107,1,Xft/2fUr35qx5CLjafHgCA
DA:108,1,D0DT7R5tpTe7MqakrDBO5Q
DA:111,1,MGak+ZxtDH3/JisVb5a3xg
DA:112,1,uGUl/8ln5/u2N7ovgzVIXQ
DA:113,1,KwgAftscQkfS59RVNDeP1w
DA:114,1,6u27rVFoDSl4IQMqSmUeYA
DA:115,1,TeMogQ4vbUsIsaGlAsLFBQ
DA:116,1,m3ZdVHwduw3D3sDK3hq2Vg
DA:118,1,/BeNVOX7h+YukF3SsH/kVw
DA:119,1,uJKJhNasDV9gU4c67RSdRg
DA:122,1,JRfE6hPBgbf9O0QOonYoQw
DA:124,1,GI3AQ/W/oiwS4ig6zOxP3A
DA:125,1,sxJjNvo9/fgEBJreji4TVA
DA:126,1,2FfMYkmb0fZb66MPjmdZBA
DA:127,1,q2X3p1SZPYDMwVl22jRGeA
DA:128,1,nHpZwpKWoyAwRlyQjpIQrQ
DA:129,1,aRXxeX2H1CPqEVBRbkLaRQ
DA:130,1,eVvm8dNIl2+K4UYsZedXTw
DA:131,1,GPS5S6PF2/dFa4NTEl+F7w
DA:133,1,OdkkGK8ZNAUufTTcPKL4Gw
DA:142,1,cWSmC43IGs0VETpvfEHQgQ
DA:144,1,mHRD1oONl11OyFbhi8aPrA
DA:145,1,4V6TXhBhhc1Xv1yt4TFLMQ
DA:146,1,ngd7jxUA/IO4vG92ihoi7w
DA:147,1,uGcJhT9SvEBP5YKuy3wUcg
DA:149,1,a11jq42qfLLVM9QlrL49qQ
DA:151,1,HEVuAd+3J360tTD+Prvs6A
DA:152,1,HIPeTCEEvV96IC7dep71fA
DA:155,1,EYQVHLLPLoOv1s9SgwObnA
DA:156,1,927Gl5tCheRmqbevDVI74g
DA:161,1,klkSBwiyekuISI9WWiBYtQ
DA:162,1,E+HCGTmRyMh1c0OfhxnW4w
DA:163,1,VdnwFueMwJQaeQQ2DS3S8Q
DA:164,1,v3fl76D3bys7GXLPK+zB9g
DA:165,1,PKkayXdTbLiEudQY9lnGoA
DA:172,1,7X/NkjxJP8HxcrwJEvXRqQ
DA:166,0,xjcDBnSwra0OiNOAYAwoHA
DA:167,0,FRyEcTcTQTLNX94CKi2H8A
DA:168,0,l1cStWxmSHfNVWWdkgF5Zg
DA:169,0,B+ZJQ8zBxPMiDZhsnR0Fag
DA:171,0,9NeXUmYGRpP9fxv0XLCf4Q
LF:90
LH:85
end_of_record
TN:
SF:/vagrant/django_stachoutils/log.py
DA:3,1,EZEzNmL93PY96zsSuI0PfQ
DA:4,1,RCiL4/Uq75XtRqqZjhmDyg
DA:5,1,G6zNlnym3RqNV/ZnZPl1PA
DA:6,1,QowvZXt28MSQfN5bbw3zHw
DA:7,1,egP6+Tvig5HfrIIB6KBzVg
DA:8,1,AsSWs0ykVZOFH40JKJ7Www
DA:10,1,mR6i779ohlxea4v+fD0tmA
DA:19,1,LreMAlQv95p8FcY0QnKjcw
DA:20,1,PdeqDqr4bOft68ON3+/7kg
DA:24,1,PZxGLxiCdEzN1vJ79h7Rzg
DA:25,1,Zl6DQPcB3qfN6xazLi/h0g
DA:26,1,TkKAtAwJxQxt28ymBsIzhA
DA:27,1,O1lvWDiVQ0Co7F+ln/P88w
DA:28,1,lt1nmOHxe95sXGFYwzuq9A
DA:29,1,sDclaoyl8JEaNDJVMp6xxg
DA:30,1,YrNmydmUHgMdZcqC1Gks0w
DA:31,1,C0G9WyDXEdWCfpZf+HCVWg
DA:32,1,aM2ktgBzjTzetCm/yXTU5w
DA:34,1,4N/djU+fV+e0TA8j9v+afQ
DA:35,1,8cJSTmtr0VmPA1vnS4fVZw
DA:36,1,xvWIcpcyNr0gyGcTkdMxXw
DA:37,1,7Cv3p7hGhoGobPhC2frkUQ
DA:38,1,pgfi2o/Nj3jhvhiX2266Hg
DA:39,1,oCDccrl/TFv1Ys+Z2XAAnw
DA:40,1,keJtjRtUTKob8tfmpeSkHw
DA:41,1,u7a6hUtMPSCdClLhEYhE+A
DA:42,1,AGQIlc1oeHicFBxD3pV2mA
DA:47,1,BAFi9KpjvgM3jswVI/RngA
DA:48,1,nvLlz0IjJTah8i2WZlLxCg
DA:49,1,uB9Z8hN1IOZTS/FZGTXWgQ
DA:50,1,rvaPNpNqV6plziv7lht3ng
DA:51,1,euWtttsuOwOwaEv4a3a96g
DA:55,1,rv/fG9Ltc5GHtHfLdUOIIg
DA:58,1,J5qZy4Fun3z4yvC3qFvf7g
DA:59,1,h/1uKKopXmY8edKm7cKYhg
DA:60,1,E45UN/0CHFE0SeQD3uQhKg
DA:62,1,3DpWx5Nk8PnvBLHs4d7RFw
DA:63,1,C0G9WyDXEdWCfpZf+HCVWg
DA:65,1,Segj7H+en/Nix/vnmP8G+g
DA:66,1,UAGaHAc/VtTAoSWfn250OA
DA:67,1,rUfG7ipwZFNYh9U7OAY1nQ
DA:68,1,A2RkWA/eZvJG9881AMwgxw
DA:72,1,ClOjOwvEzXoCJf0zvgmNSQ
DA:73,1,Segj7H+en/Nix/vnmP8G+g
DA:74,1,xByOuUPsefkYzbagOHzMKQ
DA:75,1,TXKzEO0xtp9ybj9oSleOfw
DA:78,1,5jp/Oudf76vbzWPQa3U9tw
DA:79,1,jeNIGX1ny2ZfTZ6U/BojFQ
DA:80,1,i3BAqj7Aie6c/5tHboerIw
DA:84,1,4N/djU+fV+e0TA8j9v+afQ
DA:85,1,8cJSTmtr0VmPA1vnS4fVZw
DA:86,1,T3z4oyWv+gAFgETlyrR4IA
DA:90,1,36tDHWBHQDdAuX+0unOKPw
DA:91,1,N7UF1/DNuGhBAsvjUZZsMQ
DA:92,1,dTjlWIG5cGlvvnmBKgiyYg
DA:93,1,rv/fG9Ltc5GHtHfLdUOIIg
DA:96,1,m7a3OMXkt9Xmd9vZlXZCiA
DA:97,1,NnnYNjMt+LTDp3b5RdM9eQ
DA:99,1,gFdnwIzxJ64X+nD2UauP7A
DA:100,1,3DpWx5Nk8PnvBLHs4d7RFw
DA:102,1,Segj7H+en/Nix/vnmP8G+g
DA:103,1,Ors3d7y+g2IbFpSCoxediw
DA:52,0,O5I4UEmQJy6/McdIdmA5DA
DA:53,0,BAFi9KpjvgM3jswVI/RngA
DA:54,0,A2pKRKVOTaeIaU64w8csnQ
LF:63
LH:60
end_of_record
TN:
SF:/vagrant/django_stachoutils/management/__init__.py
DA:1,1,1B2M2Y8AsgTpgAmY7PhCfg
LF:0
LH:0
end_of_record
TN:
SF:/vagrant/django_stachoutils/management/commands/__init__.py
LF:0
LH:0
end_of_record
TN:
SF:/vagrant/django_stachoutils/management/commands/dumpdata_related.py
DA:3,0,V8zEXWDm+aX6iQFtIkoNOA
DA:5,0,DuC1T5Hn8k+0QEqZ7aP8Aw
DA:6,0,mPktJROFzUc2RVdGc5qX0Q
DA:7,0,SbW7JW+ssr0A+8EsJR+fkw
DA:8,0,NwESRN0KJ5M5ilgSY10qng
DA:9,0,FUN7/DaTXCrTU87DPydMKg
DA:12,0,+8cV8IOZ2RiL8KWCWz2e2g
DA:13,0,QHp8Bkbla1vaCY1cjZiPZg
DA:17,0,TEYbR4asjdP7yUuKZmJP9w
DA:18,0,CcydPrA7FfanDepJBicyAg
DA:19,0,iZb4Ydydv14B3p+CU+JHiA
DA:20,0,Pg9JZAP5mRvyTA6+pDaMnQ
DA:21,0,WyFXl+CDYyWztuQV9ZQDhA
DA:22,0,hPhzO8La6F2Bsr7LNjJB0A
DA:23,0,ufJ3oGbuoEcXzj9z0ZuUdw
DA:24,0,SryKoXaBpvyizfAhKLWaNQ
DA:25,0,vNgQRo+akYBZKEuDUmiOpg
DA:26,0,k2uC1nQv1W7m0pusOwOIFg
DA:27,0,IN6wWjp1YauFqnEyoHdgrQ
DA:28,0,sumTRhZgyDqvZrqn17odbw
DA:30,0,w/w1Ik1Zozvyd546L+VVig
DA:31,0,1qstQhEhu1nPXoFImhKh8A
DA:32,0,GCdSi1cUuG3J1cR4B4GBmA
DA:33,0,LA7VAW6SkpuyaerW7bk4mA
DA:34,0,O9XKe6b0xgIE9BF+ayEG1Q
DA:35,0,3VRzn2sootoKx+iy2bstZg
DA:36,0,ZJLkdewqYy6kUkZcFiBE+w
DA:37,0,Baa5WX+d3q7oQk5ERmtV2w
DA:38,0,9dxCF0f0F6XtU3Gz0ufLTg
DA:39,0,1mRFH1Ef0JbemB/O1OVoug
DA:40,0,uwhEmZmHM5l8xxQhYeennQ
DA:41,0,kD6JY8hIl06EqhpU/oRciw
DA:42,0,8Iy8Ev4wp2smP4Eur8CcBw
DA:44,0,8sDcCevPtqtj/Xpm6AK8XQ
DA:45,0,mWv2rfalq+kU54ahqR4VMg
DA:47,0,+mb45AGXZQmMExK3cGiJ1Q
DA:49,0,yUrjLnhYjc07gpgNf9BwJg
DA:50,0,XdB2vqmlC2auEq7SWYMIHA
DA:52,0,1EOwqvvKG1ofuUqFEXzdcg
DA:53,0,LqyQ1gvMMcJWe3nOiHpytw
DA:54,0,ETQFPRyLKS+nQdSFOTDQeA
DA:55,0,ed/6BMf6QREF6/lr3Lvebg
DA:56,0,Uk1iEqLYWHwxE4nbWtF0CQ
DA:57,0,DDYahpyLdUnHncKScL4zBg
DA:58,0,4awkr7YPcfxQiiMWftcmow
DA:59,0,aNfaubgM//L3qqKexq0REg
DA:60,0,afUHbW+BNXVGZpyh73f0Ew
DA:62,0,Uk1iEqLYWHwxE4nbWtF0CQ
DA:63,0,jV4pOj4vI0cI0vL0tNr9Ug
DA:64,0,4awkr7YPcfxQiiMWftcmow
DA:65,0,YlRSYP8owPhBzUBzgsUC7w
DA:66,0,/a6EfNS0Nf1WXc+Op2s+vg
DA:68,0,+8aZNQMeJJnpaPQfVGqxlg
DA:69,0,cz3aJhdwoeEtng4VIq9DkQ
DA:70,0,9QEckxwDJCixitbCEeV+xw
DA:71,0,ORp4C+0I6IfRxQmzYZt7Cg
DA:76,0,nvg2Kyf45QIfUMtNgiAeJw
DA:77,0,9QEckxwDJCixitbCEeV+xw
DA:78,0,H1CArpq9wWgFGKZRZj37vQ
DA:79,0,25OBzdUp9EPD9/T9AOi2Xg
DA:80,0,Uk1iEqLYWHwxE4nbWtF0CQ
DA:81,0,3hocOIKlCvJmB7wz6TDhHA
DA:82,0,kW6O3Gk9sA0RhQD7Eho0jg
DA:83,0,NFEG5ulN4fowkAl508lzGQ
DA:84,0,19QjoU/rc3t/MGqO/G1kFQ
DA:85,0,K6J1/Nyegl4Hx7yZ+PQNlQ
DA:86,0,XPJ7sYrKQQEJP2myVwIoZg
DA:87,0,qaGnGmI7LFAkIeJXEBm/EA
DA:88,0,kW6O3Gk9sA0RhQD7Eho0jg
DA:89,0,k/pGqxDO/0eknDDTXn6/Ng
DA:90,0,19QjoU/rc3t/MGqO/G1kFQ
DA:91,0,kVP/oIE7m0nBvNJkV1eTfQ
DA:93,0,fSrm7d/+jylyEL5uB5+sSA
DA:98,0,hkrOI4MbuLmeJGHUGfxjHA
DA:99,0,+iwG9+X1XYL8Ic4H5Hd/xw
DA:100,0,BT0+qn86rRH5R40FkQgFkw
DA:101,0,eUpXCTrNchqfEWIn3GKu1g
DA:102,0,wYAMh0u3GY9E1fMSLIHRtg
DA:103,0,LZ1G+SDwYMcytu9V5M4K/w
DA:105,0,EBaWTPc+0mrg9pJfMmKX3A
DA:106,0,kW6O3Gk9sA0RhQD7Eho0jg
DA:107,0,NFEG5ulN4fowkAl508lzGQ
DA:108,0,19QjoU/rc3t/MGqO/G1kFQ
DA:109,0,K6J1/Nyegl4Hx7yZ+PQNlQ
DA:110,0,XPJ7sYrKQQEJP2myVwIoZg
DA:111,0,qaGnGmI7LFAkIeJXEBm/EA
DA:112,0,G7+gFo0cqJ8IdMdislMfCQ
DA:114,0,yUrjLnhYjc07gpgNf9BwJg
DA:115,0,QsqpC7695Xl1av5wvvZHYA
DA:116,0,vojO9KT8CoUz43RX3LbvnQ
DA:120,0,S5WkMBPX8F6MduMsxBBFsg
DA:121,0,xvWIcpcyNr0gyGcTkdMxXw
DA:122,0,WBdof7O1AngP4U+aX0Qm4Q
DA:123,0,CNL3GsuYcCqDQlOTR4N2oA
DA:124,0,dquiAd0b6I3SPuVFJDK09w
DA:126,0,HBUFPQDCgolslj24DE0vFA
DA:128,0,bobewkJyB8y5g2RQz3/adQ
DA:130,0,BlJ1UdOOJ/tv6HFa9XN7vw
DA:131,0,pvbfjEfVL1dKm5/+wPdMrQ
DA:132,0,xmOlLHB0I0uUQN0sMXuBxQ
DA:133,0,eqbXBPv2ES+sqKXPKY+Ruw
DA:134,0,HxDT/U72aU33c0E6edzGaQ
DA:135,0,wIg0lbU/jG/ffT26ZsNkHw
DA:136,0,xsc1Fl3S86NKHAITZUcUdQ
DA:138,0,kVE5ylasu6/mfCMYsD6Njg
DA:140,0,kM9eOJrlnCQkNYl0nEJ7KA
DA:141,0,wYAMh0u3GY9E1fMSLIHRtg
DA:142,0,rQIllHAmaXcvCBu5ZFVyfA
DA:143,0,4LRkMjqnarEAFJsZ9n66Hg
DA:144,0,47jMXqGioH3Po9RmO+RlLQ
DA:145,0,KEtIuZM3JypE27+A+eTtmQ
DA:146,0,+Dj+J3zpUERrUtbXkUftlA
DA:147,0,4LRkMjqnarEAFJsZ9n66Hg
DA:148,0,AOnsUh7nkKSGUv3n2+wE4Q
DA:149,0,p2Tj059p67ef4ZMUI5+Hmw
DA:150,0,d2aSlz4zu6qilTyVQPuzjQ
DA:151,0,hIuVuPD/pUB4qVV6vrpO1w
DA:152,0,RfD3H7M6xQj1KeUkvhC3Dg
DA:153,0,1ccLKIFKiCIFwd3TLH9igw
DA:154,0,lcKc3GXUPuSB/E0ECaVsHA
DA:156,0,J43xl7sDXpdoPS1d4859ig
DA:157,0,hrVjX9ZYjwP9F/qUaV27fg
DA:158,0,9Q2EoemJrLf1Vo2JRH/ClA
DA:159,0,Y1g4uiaAmrPXbQ7KzTDv9A
DA:160,0,ESnfG8XHOlE88xOK7vblhA
DA:161,0,mVqsre8PXbYDj1lWMogW8Q
DA:162,0,C8oCyjsS/UWQyBThVavleA
DA:165,0,QPqZ08vVqg8KGium6ebWbg
DA:166,0,PgdoctISdQdbe1mlaBm2xA
DA:168,0,QwZNcHcEd3CGhLZW5iduyA
DA:169,0,vNgeTfZqvUho+q/zWQ+3YA
DA:170,0,7zmRA/4jO5ob9gCKW9M1Kg
DA:175,0,ROw2bPfX9j9Cd+7aVwGPSw
DA:176,0,VZ/7c4MmUMBV9VsDaZ9Egw
DA:177,0,f1Sg911x5Bf99b1LKLbjiA
DA:179,0,K0JqaojbOE5ORBQOzJJV3w
DA:180,0,PrmeclF0Bq5lXBBwoNVCog
DA:183,0,7tZujzIcrUfFSwQhh52q6A
DA:184,0,mz7mKBkujDHMbj0Gd77e0Q
DA:185,0,4kOymXhYXZfZTinMh8SxAw
DA:186,0,LM3dniVk5N50TYNRJpJdvA
DA:188,0,/3FUzcPJoaDvI27xbx4SHw
DA:189,0,OJEQtkksnic7mgxhJczjKQ
DA:191,0,xjcDBnSwra0OiNOAYAwoHA
DA:192,0,Bu8J1aktTfeGd/AUyVQ9Vg
DA:193,0,Xs1NwUirx9F48OOMwAniYg
DA:197,0,cCzhnT+1tmGi11b28Pmfwg
DA:198,0,57v/ZgVRyYkBxrl3iHIaiw
DA:199,0,4KPteOV7m05nTadkfTKqYw
DA:200,0,hsfIK9NtblyrmhfyShaJuA
LF:150
LH:0
end_of_record
TN:
SF:/vagrant/django_stachoutils/management/commands/hotspot_report.py
DA:3,0,7Z9Lj4ed27Wf2hBX6jooEA
DA:4,0,++SdbbV0XypwWWYO9PGMaA
DA:5,0,InlGqKYpwQyINGZfWVkc5g
DA:7,0,cvNeV0aizML+tVZE8FnMnA
DA:8,0,ETzWTz9b+F9oxXeB6l3PYA
DA:11,0,+8cV8IOZ2RiL8KWCWz2e2g
DA:12,0,1E1Klln+/l8EWLpo4BqA2g
DA:13,0,B4lM/KBgz1uKvQcR+kqEmQ
DA:15,0,3uhzBuk1NaIz1wIsYyIi9A
DA:24,0,w/w1Ik1Zozvyd546L+VVig
DA:25,0,/91NkCCv9igFuATSg2wUPQ
DA:26,0,xjcDBnSwra0OiNOAYAwoHA
DA:27,0,onVeFo+QFkL+ODESLwncJw
DA:28,0,eDv4sdo0P607swGYhjlu+g
DA:29,0,zL3zrZF4K2jLU9F4gDXcPg
DA:30,0,MnzpXe1veqpfA7nIMRo0OA
DA:32,0,Nc8rscuHm+BMCyi89uHauQ
DA:34,0,M4B10sbHiE7yJfl3My/7mg
DA:36,0,g0qECcOj8wY7Wj3R5bF4PA
DA:37,0,rsLs/tI9lTfLjAYJnKdKmQ
LF:20
LH:0
end_of_record
TN:
SF:/vagrant/django_stachoutils/management/commands/sync_permissions.py
DA:1,0,cvNeV0aizML+tVZE8FnMnA
DA:2,0,QDNrmRK2hBbXqTeksGJjow
DA:3,0,KJmNzcjIfhU3ckStOHvNDg
DA:7,0,+8cV8IOZ2RiL8KWCWz2e2g
DA:8,0,B4j14A0n5z8rTh2jqC1ROg
DA:9,0,wJGPgFUYR7kZ7okPFPKHUA
DA:11,0,w/w1Ik1Zozvyd546L+VVig
DA:12,0,sVbpBoNfcyShDvDqGrSFvw
DA:13,0,dJJgQ+pHzNSCgHkRjyUTkA
DA:14,0,kndrwGOlgj6nA5ANRAUF5A
DA:15,0,c7DuI1e6lTuWrm8O7I5syA
DA:17,0,dJJgQ+pHzNSCgHkRjyUTkA
DA:18,0,DPAYCCyiTGLI6lo/p9mdTw
DA:19,0,6OljhJM+ZAwX6SNzRjqwgg
DA:20,0,gB+E5AtDXlh6kaGgp1B0GA
DA:21,0,4zgbRynmSW7ArbOOA0SOQg
LF:16
LH:0
end_of_record
TN:
SF:/vagrant/django_stachoutils/middlewares.py
DA:1,1,q8xQYvVoKlNcKTCYy4J/4w
DA:2,1,3cRVuopzTZHyM7mGOGtuWA
DA:6,1,mM3u9EXedA5psTBZev9hSA
DA:7,1,iUMavLMWcC6Oj/6jWXISvg
DA:8,1,6zwsMqXKJftR6Tqn1NDt+A
DA:10,1,7b9Nd6agjkDjvWgY5IVVag
DA:11,1,Cfi8xxXKciJJ1XK7vQ/6wg
DA:13,1,/kNTWaCjtBhlvE8BcOpfDQ
DA:14,1,xjcDBnSwra0OiNOAYAwoHA
DA:15,1,sKobzILebfWl7TFOo1+Cww
DA:16,1,3gcsKnSr3G3HBDFo1EMbnQ
DA:17,1,co2Aisl7LkODz4E6CoKFCA
DA:18,1,3YMCPDRRiTd7NrrdXZvSGQ
DA:19,1,B+ZJQ8zBxPMiDZhsnR0Fag
LF:14
LH:14
end_of_record
TN:
SF:/vagrant/django_stachoutils/models.py
DA:1,1,yfPUERHh60V1p6I2zbbenA
DA:4,1,3m7UtY79Y6M/OGox2Agl8w
DA:5,1,BjQz0BC8hOyHjIeb6+3CHQ
DA:6,1,G1bIsNt9evd4Kr2oClaB1A
DA:7,1,u85npkjxYIyPOmaEHDs9kA
DA:8,1,h6rgFlJlN2e/aNCSrWbyxQ
DA:9,1,PDqoagMuT1dZjdZcCfpqNw
LF:7
LH:7
end_of_record
TN:
SF:/vagrant/django_stachoutils/options.py
DA:3,1,Y3j6rqljTEjQcLF/pfPnMQ
DA:4,1,WNHmU099qhTz6HCCuo9HXA
DA:5,1,CbEb/ed8Mmjn6fSaKbRg4A
DA:7,1,+N4JrPuK4JmN+Dgr9bjBug
DA:10,1,RbAGAjfrCtYeP2/h1jgYMg
DA:11,1,p6XrHry7Jbh9C2dHfpK/AA
DA:12,1,g1TszdM/dgP4vwmtlNzJMw
DA:15,1,310YDIqyXo5nw7e8Yp4Nlg
DA:25,1,UtHND2O5692co9KUltvEEA
DA:26,1,p6XrHry7Jbh9C2dHfpK/AA
DA:27,1,g1TszdM/dgP4vwmtlNzJMw
DA:30,1,310YDIqyXo5nw7e8Yp4Nlg
DA:40,1,+RJZSVPmHFXC7Te3dk+ctg
DA:41,1,p6XrHry7Jbh9C2dHfpK/AA
DA:42,1,g1TszdM/dgP4vwmtlNzJMw
DA:45,1,310YDIqyXo5nw7e8Yp4Nlg
DA:54,1,qhzMei9EQxuEvZ8bsqP+Hg
DA:55,1,310YDIqyXo5nw7e8Yp4Nlg
DA:65,1,mUyg2YzsfqVM5GpXsKwNIw
DA:67,1,nwqIJEoazCnqiB164kb3TA
DA:68,1,4RPkIe+k8cn6IgltmDfWCw
DA:69,1,1pixWfF6Vfud2FTnv/z/ag
DA:70,1,vUm41W61vjiNRFydMtlorg
DA:71,1,o1vpuqxJNHmWIJuVtOCqmg
DA:72,1,BU1o51Xb4kCQoTjIb5u3NA
DA:73,1,jvwTSS2zpEUbgJA3/rxYmw
DA:76,1,yk18cScT74jRd6B3z65Yog
DA:77,1,WDAPfvzLf77fRWZdLPAAzA
DA:78,1,a5RsE/RChMWgxvzF2yFxYQ
DA:79,1,9dUEU/yxc6kef0AO8UstTg
DA:80,1,6gvBSqYofmkOIHobNnVDlA
DA:81,1,joZAt/k1WbY2isw8uu+kNA
DA:82,1,YU712kpsiFxiSpNgPT+21Q
DA:85,1,yQi48N0pEwWFmmIatFwVWQ
DA:86,1,hB4mWk6w1fPdVjG2bwCfog
DA:87,1,lgh1/hs0qW/ielr9o2sWWw
DA:88,1,8xskZVSboNyIN1C0Pzq3rw
DA:91,1,1+wLwG8YR/1n6j3Mjq59DQ
DA:92,1,pwwhgh4XQCeJpGwKcr85sQ
DA:93,1,VlcnRmElOon3Sb/pHFADQw
DA:94,1,xzvKrujS7BahjxOyRQs1bw
DA:95,1,xjcDBnSwra0OiNOAYAwoHA
DA:96,1,MJGdzx0gakVfWcbW6H0oKw
DA:97,1,MQAw7ryZXIqoa+XVvQuYKQ
DA:98,1,REGk5bmDWwQe9z13NRiRTg
DA:100,1,w2cLc1sOv7SLAmDI+F8xpg
DA:101,1,B/Fo9U4/nMeRNS1JjGZVyQ
DA:102,1,tf/jEKzvfmYJMVU7myd3yQ
DA:103,1,zXAfORIKxReF1HcBtup/aQ
DA:104,1,lOMvLNYkfqZSYqnOSabWKg
DA:105,1,B/Fo9U4/nMeRNS1JjGZVyQ
DA:106,1,9bNCcz+x1vzp5Sh9yJHEuw
DA:107,1,tyeaZydz0IlhrtXVwEFaGw
DA:108,1,OHrdzZoVi39QYHVlPj9GFQ
DA:110,1,rw0uUSHTWZAJuNAOhsekmg
DA:14,0,Bct2FYPg7lu95aqVEkBZtQ
DA:29,0,Bct2FYPg7lu95aqVEkBZtQ
DA:44,0,Bct2FYPg7lu95aqVEkBZtQ
DA:84,0,SO0U18eF2/5gjjvhKHjuQw
LF:59
LH:55
end_of_record
TN:
SF:/vagrant/django_stachoutils/profiler.py
DA:1,0,7Z9Lj4ed27Wf2hBX6jooEA
DA:2,0,4KXOIu0EzlFAqlH6QJ+whA
DA:3,0,5hwPtyw5fWMOX90GeC1WXw
DA:4,0,++SdbbV0XypwWWYO9PGMaA
DA:5,0,QowvZXt28MSQfN5bbw3zHw
DA:7,0,RuZ5KcncCoRYUb0REMXZIg
DA:8,0,oruXnH99IPAu2jIs1Szl6w
DA:9,0,PiZPX7qxBzV5lRHyHKcIQg
DA:10,0,Tb2mnkhHsKx/J6P+e+M4Hg
DA:13,0,x4le8AZYapHKecyWsXYVgA
DA:27,0,Gitkuwn73Ey27MrXF7sjnA
DA:28,0,kDcUr419Yab3X3uIcvUW8w
DA:30,0,gfclvzGgFeQ/vytka+lPZQ
DA:31,0,GAEflSFUJKIWP9OxARJCtw
DA:34,0,NV/p+i8OtBAVS+kHa62low
DA:35,0,3hjw0R8L9APhxzJXMvJGgA
DA:36,0,QavQRspA1Y5L2A4dnVG9aA
DA:38,0,7ZuoKn1hhjBxu2bZ72ozig
DA:39,0,xvWIcpcyNr0gyGcTkdMxXw
DA:40,0,oIpXDV5JAvKyVekqwTenIw
DA:42,0,6lxdX1rDVLl32lhd0Ynyjw
DA:43,0,Lqbs4djytM6gtVRcwAhGWQ
DA:45,0,SQkM2p8YGuM8sx4a0oTEcw
DA:46,0,oIJmbfIAfjh/GIrBvLUfZQ
LF:24
LH:0
end_of_record
TN:
SF:/vagrant/django_stachoutils/shortcuts.py
DA:1,1,yTdEogPBZXICc/Fxf7nLlw
DA:2,1,U3cEQ1kBvy08IUrK/EL4/A
DA:3,1,q8xQYvVoKlNcKTCYy4J/4w
DA:4,1,OThKZS33aB62FNoVoH02IA
DA:5,1,VHDwiN3Urp9rIfVTqOvA0A
DA:6,1,L/jqrDHxbfUd/SDMFGHfTA
DA:7,1,ujGT9gMlmbZC/v5MQ8MxFw
DA:9,1,FIaPSuhjB2V2soaEKef+Vg
DA:10,1,o3dK0Lt88N7AM3Jbg4bt7A
DA:11,1,bN+xNdceWCTljPwsB485nQ
DA:12,1,vLIVS5jk90rb5kOp4BHIVQ
DA:15,1,YxcaEeVLxMQcouWNfvl3OA
DA:16,1,vszR4PurfFG6L2w+dKpMAw
DA:17,1,E7vF7nAwD8rEm963SE2abg
DA:18,1,MnaYvHfjNvM9z8Zmt+JoFw
DA:19,1,HM3HYm9c/viWzUbwHwPQQg
DA:20,1,84Pe1b3FKMU+K6Y8Vk9IJg
DA:21,1,J1CXhXB2U5l2x3kIX39sNA
DA:24,1,nykmNnnOkSe07tT4u67oWg
DA:25,1,moE0RCflr1ps69wBNjrHJw
DA:26,1,vbyrmRf0onqh3qfKIAjWoQ
DA:27,1,PhH0+kt+b9ilqntx7CLUGA
DA:28,1,9UH0RaO1+3FWzlihQWmiNQ
DA:29,1,CmSL4ZsO167eWE6kjaqRig
DA:32,1,eU2r/9xbW/nlGOOe0M5aNA
DA:33,1,uufibqxTuudJDaEb9ArBrw
DA:34,1,B/Fo9U4/nMeRNS1JjGZVyQ
DA:35,1,o7zbXkNN1oMBuSdagoJulQ
DA:36,1,hBMJ4XfLIQgrTo+yJNw0vg
DA:37,1,apkQQtiiE4JOuDIBvLOUjQ
DA:40,1,Y+0XUFT+fwUCa3v5XWXYFg
DA:41,1,XH5L6drwDeTCh5++hnpHcQ
DA:42,1,HM3HYm9c/viWzUbwHwPQQg
DA:43,1,84Pe1b3FKMU+K6Y8Vk9IJg
DA:44,1,J1CXhXB2U5l2x3kIX39sNA
DA:47,1,RdnDxzawN/ycCbVY3oRv/Q
DA:48,1,MVGfnUzxrjt8uoUs3oIEVA
DA:49,1,PlZo4VOvVfeTVNWA4KIpOQ
DA:51,1,0YcGsKlmk7C0Z3qWS2YbZQ
DA:52,1,VCjxSDog0hulSlWSr2yMYg
DA:53,1,CHE5o7NialkjszuyHoMnuQ
DA:54,1,Sq1y15XQJlmt/yYVO/3IXQ
DA:55,1,5eJsVM3vmMYpePN5N7D74w
DA:56,1,MNob4saZYmw6nc6xlZuM3w
DA:57,1,dJDShdEpmmcHQtm6xtDBnw
DA:58,1,Jf9q7Y/zLsCZOGvKcgRG4g
DA:59,1,txGmA6oRkwAFxe5MT9h52A
DA:60,1,J1CXhXB2U5l2x3kIX39sNA
DA:63,1,WVtXYXK3XsfP7Zi88LmGTg
DA:64,1,yCnOYJIB1hGr3UwZaZAsyg
DA:65,1,GccBK7TFqkfCa41WAf5WnA
DA:67,1,AvQTZtQGIfUERVm51/N9bg
DA:68,1,+Dl+ptxGzRSMbqrkVarbDg
DA:69,1,J1CXhXB2U5l2x3kIX39sNA
DA:72,1,oMxPw7deOgILkKjGaFkbFw
DA:73,1,n2ll/conCqZUOK2UBCDf8g
DA:74,1,DJbRa4HLuFuyD09IfQpb1Q
DA:75,1,5pNF1pdlg6f/tThojvri6g
DA:76,1,NiZea0SBKKIdWlyfjXPw5g
DA:77,1,RZj2Pt0A7m4QveegZ3eeOQ
LF:60
LH:60
end_of_record
TN:
SF:/vagrant/django_stachoutils/sql.py
DA:3,1,xbSFc6rowl+20Q++RqNaWw
DA:4,1,iCPLPFHSKfvDmCQmVgF4hw
DA:6,1,U/guEo2J6MtXzufbhO80Bw
DA:7,1,ujWrhfsyPLcgy0j8ojJJjA
DA:8,1,XyswWCT2GDPmbVOMgkZU2w
DA:11,1,4X+VtbQerroZDG0VRwFgBg
DA:12,1,ujWrhfsyPLcgy0j8ojJJjA
DA:13,1,A6cSSibyesWeoLbwyDLLLw
DA:15,1,JEjwGxAJ8zWZ0Wc1G1ZKzg
DA:16,1,1RCpQzgc0CnjHhiTTd3SMw
DA:17,1,NtBwAKAOWedbjub0O/K9pg
DA:18,1,t+HBDh/0f0bWDGgDeRNvrg
DA:20,1,I549qmigvHx99CRL5SACxw
DA:26,1,/4rnnxwkZIYcKHMTzz3j3Q
DA:27,1,zMfbf5y90JFLE9RUUaEf3Q
DA:28,1,Wi6voAcCOzwKjR0QndZ5kw
DA:30,1,JEjwGxAJ8zWZ0Wc1G1ZKzg
DA:31,1,1RCpQzgc0CnjHhiTTd3SMw
DA:32,1,180VhzI7/X/JkeecU21zig
DA:33,1,zbi7J3ay+wpnEmLQfeBfBQ
DA:35,1,t+HBDh/0f0bWDGgDeRNvrg
DA:38,1,Cr5ViMQBKrYKmPZXji19vQ
DA:44,1,OdpeoEzyBorIOSkdPmHKuA
DA:45,1,zMfbf5y90JFLE9RUUaEf3Q
DA:46,1,XiWyc/dtqaSg9CQOOdQWGA
DA:48,1,JEjwGxAJ8zWZ0Wc1G1ZKzg
DA:49,1,1RCpQzgc0CnjHhiTTd3SMw
DA:50,1,180VhzI7/X/JkeecU21zig
DA:51,1,zbi7J3ay+wpnEmLQfeBfBQ
DA:52,1,+fLfiI9x5VGRj3NMx2awxA
DA:19,0,fG/1SI8FpbPHA4JZ0Xgnhg
DA:36,0,fG/1SI8FpbPHA4JZ0Xgnhg
DA:37,0,Mb4uhBZ2l/hS7VNieuHkXQ
LF:33
LH:30
end_of_record
TN:
SF:/vagrant/django_stachoutils/storage.py
DA:1,1,7Z9Lj4ed27Wf2hBX6jooEA
DA:2,1,d8h/dNl0QgsMDlx8GgIq8w
DA:5,1,NwE4gqplCzFNnOlLh1+RWg
DA:6,1,LVCrA8G28PVzGWz8c4P7Hw
DA:7,1,we+5LoeGLdCTQJ50y76PFQ
DA:8,1,GfURkWqBoZ0fEfYp+dDgSg
DA:9,1,j6suuenbSlGZe+/3LkoeHQ
DA:11,1,e0c0pOoy7rvUElrm/QNTag
DA:12,1,ID+sBpUKqLAPljoKOKFAkw
LF:9
LH:9
end_of_record
TN:
SF:/vagrant/django_stachoutils/templatetags/__init__.py
DA:1,1,1B2M2Y8AsgTpgAmY7PhCfg
LF:0
LH:0
end_of_record
TN:
SF:/vagrant/django_stachoutils/templatetags/stachoutils_extras.py
DA:3,1,xbSFc6rowl+20Q++RqNaWw
DA:5,1,QowvZXt28MSQfN5bbw3zHw
DA:6,1,b47rzpE2LFZ1amMfYTcyLA
DA:7,1,K6ThEZw22CyPKiBBs5fT6A
DA:8,1,pqAGO1ZlsqStBOdaYVbBcw
DA:9,1,jQPfNxFkpu/35+eNkZj7jA
DA:11,1,XqQMi9hKtu1r42PFbCN56A
DA:12,1,HGm3uCewQc2HwbGaBnXxrA
DA:15,1,QH/KWmQStlWaRP5yMAib2g
DA:17,1,Z3eh1A8HAyZBKZoZ9yAIzw
DA:18,1,NacWF8+ScVw+AvtCLzgnAg
DA:19,1,32/eqf9VHOJLyCzN1S3/CA
DA:22,1,IEwGg6iV1dNuFQ1saDgrkA
DA:23,1,U/A7CjWqM1YddpRbNYdyOA
DA:24,1,JTR5uKFIv21CIaM1nE94oQ
DA:25,1,qEfJc/mXIhWMfLxuX3AJzg
DA:26,1,DvfFAxWBk+xmoB7GntmR/g
DA:28,1,if07kNyT3sAsXM/BWcVsfw
DA:29,1,SfR/j0PakKouQ0F8YMT0lA
DA:30,1,Z/8KaBimCIwgTUbWxoMOcA
DA:31,1,p35JFoaHVt1mrEKsu6oMgw
DA:34,1,4xQcT8orIMKxakXTr7yo8Q
DA:44,1,5LnzIxm6DOSRau9kxYpz/Q
DA:47,1,zf7/0jrzrre5RQ/SHmVBzw
DA:48,1,U/A7CjWqM1YddpRbNYdyOA
DA:50,1,ncw0A85iBRx6ICaee8Pfig
DA:53,1,if07kNyT3sAsXM/BWcVsfw
DA:54,1,anET75Acm6t1+mZi4dk08w
DA:55,1,JuSNKDftu5nNHmhlGzXzNw
DA:56,1,x/MAIlnNj6m4VUdhxBf44w
DA:57,1,q5EnCxCt8h3s/fzk8ju2ag
DA:60,1,a1dsDmVgIAWdCHKG5SDoQw
DA:69,1,qqnKG9vqZ8/586K9taJRGg
DA:73,1,rbW7dncwHPzKjxy0wH8PHw
DA:74,1,J5zNq9coGNWyfTRUY0GacA
DA:75,1,LMizFUMHewlzAx1yQra+lw
DA:76,1,ViZOrmHcheb32s491LNuyA
DA:77,1,cOWm+cvEU0wCr2En2WD2NA
DA:80,1,OlNrIke50pG400L94qlI/g
DA:81,1,1AIs96A8IwFX5aYBrA6tMQ
DA:83,1,vwib+dVJyLNY4IUZDWGwlw
DA:84,1,/qNfta15kH3xH73gVmBKrA
DA:86,1,59+ZkQdZVfnzaxiVEpGp/w
DA:87,1,l/oqrsllJRGl6F75TwdH/w
DA:88,1,c1t3T6B4jmZ4HnoIbDwuKA
DA:89,1,KLGb6tll/x3KzyTt1OE7TQ
DA:90,1,CaVtKrEMmLxpYDnGI0vS7g
DA:92,1,P8hhCvZm6jGNQm1qoE8gnQ
DA:93,1,2OH+fX6jez5zyEX5tzROHw
DA:94,1,lSFG7kI5me41sdxwAiUqPg
DA:95,1,KLGb6tll/x3KzyTt1OE7TQ
DA:96,1,pk/b+AmdR3YdNnDccGHv1g
DA:98,1,qIgTrByXy/flaumMEHbJOg
DA:100,1,dDpI1xnYM7U9EkV5ygfLLg
DA:112,1,EEE6wNLznscydjdRuNOkcA
DA:113,1,uFDjzz/224QXOjgO7bqaVw
DA:114,1,+W5J2XZVS6nishUZpodRVA
DA:117,1,y8lW/6Qt51ISmugEhtustQ
DA:119,1,144eYGOQy7miPlbELBNFEg
DA:122,1,GLXFVdk5mrMn9WDnZEpXSg
DA:123,1,D17a2XXdFC8P6MwwaX0+ag
DA:125,1,lzjxT6pehn2e8hI5tKLOqQ
DA:129,1,GLXFVdk5mrMn9WDnZEpXSg
DA:130,1,z3VjFAp4UgK9YskH0ZvI1g
DA:132,1,dit0dE15xRN0sDZ4nMoX8w
DA:136,1,GLXFVdk5mrMn9WDnZEpXSg
DA:137,1,5JoBA/8U1pyLTlJjd8+BLw
DA:138,1,GQa3aOleMVkdGjkG/Su+YQ
DA:139,1,jJs+vgpUE7HFWXVAYTkbgQ
DA:141,1,yJE3vypAER0WWUF7ht8PnQ
DA:144,1,GLXFVdk5mrMn9WDnZEpXSg
DA:145,1,uURNLgJpT6HX/Vuxzcw4+Q
DA:147,1,B/Fo9U4/nMeRNS1JjGZVyQ
DA:148,1,tVja0ycdPqChyIwQe9MfhQ
DA:149,1,zXAfORIKxReF1HcBtup/aQ
DA:150,1,BorTe+0HQpcr3zDD5zth5A
DA:151,1,GMEZ+XgV9QqchOCq1A3xsw
DA:153,1,zAL4/v189XPP3q36rUbN8Q
DA:154,1,FnhnnUi4a0Ob52ehenVOJA
DA:156,1,BorTe+0HQpcr3zDD5zth5A
DA:159,1,GLXFVdk5mrMn9WDnZEpXSg
DA:160,1,4lgRAIBhzo5tH/83Mnnlaw
DA:161,1,WvhQL91RgnR4NpQ8D1hQBg
DA:164,1,GLXFVdk5mrMn9WDnZEpXSg
DA:165,1,xxDZvCOyg4SPNQ3E+6EsWg
DA:166,1,kCrH54sGNdQkFm6CO1Govg
DA:167,1,CMky5Ui7i9a7TINfbwEvxg
DA:168,1,LEIVwPfd5gWxhwE07ecleQ
DA:169,1,IzxJ4uou09JB4WZvsEcMEg
DA:170,1,1ZgYfcKO4hQPXKccmQrn1w
DA:171,1,qm3LSBDNdQALmhnNI/2D2Q
DA:172,1,q+rcZxMDSstn2g6uJv7SKw
DA:175,1,ayKZ+l+LL4Z/IilpA9sLpA
DA:176,1,nvX+5JgIHyphtd+ELFCi6A
DA:178,1,PSXgwZOa4NfadbukxAlH1g
DA:179,1,Md5Qp9mxXbiIjloCXRfiog
DA:180,1,EV9bFwQE7weWtA3y1FXU4g
DA:182,1,uQnHK/okLyQgf23ZwCGYfA
DA:192,1,+AIJyCrihq93QVbuILXE8A
DA:193,1,8InfkT5olRhpe8lnNdUWBw
DA:196,1,GLXFVdk5mrMn9WDnZEpXSg
DA:197,1,xtztk7OumxuF1gXjtiyLvA
DA:198,1,8FRnSU9IYSth12u+zbllrw
DA:199,1,+pOjvqOEKZMKdToXNHrm9Q
DA:200,1,ZknACSjNyZQhwKIi4Qwqew
DA:201,1,yiUXBRG40g8eC65nt60PUQ
DA:204,1,GLXFVdk5mrMn9WDnZEpXSg
DA:205,1,wPr/7THtj5Ny5pIKZKaF0w
DA:208,1,IKX5Fim6fBtoPyW+LtB1Nw
DA:209,1,LJ8Vw2epoymf2wi7X0slKQ
DA:216,1,qTPPcLpiFKSLKGsGxO29Dg
DA:217,1,Xq7OuSVKrMCjJnJ5Pa2pHA
DA:218,1,P3ByjLNIer3Rml0HJQU1Jg
DA:219,1,KQ8tEXP1VyfU8f/qQJUu3w
DA:220,1,bj8f3sewsBwtmVz6lCgyyw
DA:221,1,xC6UcDFFdEj4Ijprhl6kpg
DA:224,1,6b1AyA+Fo/DgLZ2MhxbGEg
DA:225,1,AgzIY/P/Ou56fkdDjcsgWw
DA:226,1,9tpPCjJ/H360RlSAWnYSlQ
DA:227,1,3kWR0q3LGp5VmcsB0Nqs2w
DA:228,1,msSNRIABNEz143opEX8o8Q
DA:230,1,OK/hsH0ip+Pd+bftkwRg7A
DA:231,1,5lEWOsowvmiCFsJh4+u0eg
DA:232,1,9qF6sSYXNY7PWt57lWHERQ
DA:233,1,IEX9/2AU2Y+4lTDDUS/GfQ
DA:234,1,BUQxgb/fKaCBhXxut+Sh2A
DA:235,1,3hUgKgRhgBowTn1mGZAXQg
DA:236,1,udf1UFtQWou0aEv+ow/eEg
DA:237,1,owe3j3VugdLX7n3HqzFYQw
DA:238,1,gkVFjvUkSVR2CP97ps4dgA
DA:239,1,lYqFGtrDH+wSgraFfOBxDA
DA:240,1,sl0ucKg4V9PJUBh1HilvlQ
DA:242,1,ZiWUTPnvisFnM35QO5F4Kw
DA:243,1,nfspLBsjVx1t6us2AudKAA
DA:244,1,JInVqLgJ5XoVMJnWLZ50vA
DA:245,1,44/gqxH9heND9ERCy/auNg
DA:246,1,b5L9SHxD2AZ7ricXOozo4w
DA:249,1,PDqoagMuT1dZjdZcCfpqNw
DA:252,1,qTPPcLpiFKSLKGsGxO29Dg
DA:253,1,cLB4qFrtW9Xj/NzqnAjXxQ
DA:254,1,zgTKELtV+NgzMkmLg2z9nA
DA:255,1,1YGzmc2WHyLQ5u6hb5f9gw
DA:256,1,xC6UcDFFdEj4Ijprhl6kpg
DA:259,1,1695KIf/MuzA4C0GJg8juQ
DA:260,1,AgzIY/P/Ou56fkdDjcsgWw
DA:261,1,BAcwiJ7AMLq2c1yuxBcD+Q
DA:262,1,msSNRIABNEz143opEX8o8Q
DA:265,1,5lEWOsowvmiCFsJh4+u0eg
DA:266,1,aVDSnDdobpdp49hMhrRfkg
DA:267,1,k5ZGKlMZAJND36qIp8a3cw
DA:270,1,OyygctE/msF65w6cVaXplQ
DA:271,1,C5HyZQXD+5Hc8eXK5b2Ygg
DA:272,1,2Dpj/YOgxTcHozTJn2py/Q
DA:275,1,8E7RHCzuGf4jl5fiT/ELRg
DA:276,1,D+P78Am006VRCpvG9R+rsQ
DA:277,1,TXLIG7QEqKlZ4i89mNoMIg
DA:280,1,/WHiKE0QmWKtWt58ZUFTrg
DA:283,1,byEqOMcK+cOIv4qgpm+Nfg
DA:284,1,w5bD5BvkPcp2AsNtpJiLOg
DA:285,1,bDda0Uo31cVKuhnyBfrmqg
DA:286,1,WCdtid2r3r9ccWcJQ8O6hw
DA:287,1,2PwT47Xa5eGa4b+RdFhIEg
DA:288,1,br/1CG0fOjXIobLz3TQfQQ
DA:289,1,vRw0fU99cjThx8tpWuyEZQ
DA:290,1,5RwqNSXNl61Ndve12W7Olw
DA:291,1,EwLrVt4JZ4YND+tZnJqqyQ
DA:292,1,fyyZ+apBZaVzkM7xLtJebA
DA:293,1,+3SMTE5tcckRYg/AxTWncA
DA:294,1,l4DQzskwW0fnINPm6xVcuQ
DA:295,1,Ii3/5uqrS7V14FCIF+8vBQ
DA:296,1,aBXVefdmn9ZoZsVNS4ySuw
DA:297,1,aJ358yHCSb7GYpa+sAeY8g
DA:298,1,TbhpWUn23C2ytBXmIRi3Ag
DA:299,1,vz8/B1uw63qLGmZ4CgI5zQ
DA:300,1,qqCM1k9U9SmOZxx/tsfhXg
DA:301,1,PDqoagMuT1dZjdZcCfpqNw
DA:304,1,6vp5qvr3B/Cpesp4cDe0Ow
DA:315,1,wvoxHu3IB0md94G3KuODHA
DA:316,1,4kRFdP/Au7fjOIjhQ8c7DA
DA:317,1,UkKwTjfWlD7a/qcflLibGg
DA:318,1,lPjQJIARpetuL/uS47zq2A
DA:321,1,jOQ/tntmc5sacnFu0uZSdg
DA:322,1,rzcr8hQDSHL4fKz4GuVMgw
DA:328,1,9XliTplUHfKhzxLCPwKNaA
DA:329,1,cPzePcfhm9wYmx0c8VwWOw
DA:330,1,deksJ4BYZFWqcjiYPQORAw
DA:331,1,0CIAuskpfGTm/cwgHPOHIA
DA:332,1,4L6bg3weU3PeTHk+sX+fYg
DA:333,1,GYGoElAx6GUrfKgQ1zhBIA
DA:334,1,N0hqspK5cSjCJbBRWtjBnA
DA:335,1,3aU751QAQ4ZDtShKXeyUUg
DA:336,1,KCOmJ7cZk8ywufEe+Blq6g
DA:339,1,qTPPcLpiFKSLKGsGxO29Dg
DA:340,1,dOeAbFuelHRicaYYOqLzAA
DA:341,1,Vdi+z/ZBWnTzdaxpXlAhcw
DA:342,1,toHUlGIAYFeoG00SZaHKuw
DA:343,1,qQwPu6eY3/45b8KaQHhwrg
DA:344,1,SG13RaPxSavznkO/vWURAA
DA:347,1,qTPPcLpiFKSLKGsGxO29Dg
DA:348,1,6Z8UT4HIw/FlLMvuGe+N1A
DA:349,1,Vdi+z/ZBWnTzdaxpXlAhcw
DA:350,1,toHUlGIAYFeoG00SZaHKuw
DA:351,1,FYybK85Qe7DsQ/HlLre2gA
DA:352,1,SG13RaPxSavznkO/vWURAA
DA:35,0,WrdKJLX6ee6zToThxoiwQg
DA:36,0,U/A7CjWqM1YddpRbNYdyOA
DA:37,0,3TCguX+zrQ6J/MwrJ6Mqtw
DA:38,0,dKzv++y2fFIuf5rAStj5MQ
DA:39,0,+SXs6jr5qKu5HljbVIyiHA
DA:40,0,iAg5xhXUoq+2CtIx6SzNXQ
DA:41,0,5kCTMt9oHb2UPAgEjLmpMg
DA:42,0,1rgb+4tEiwcxzRZ4P4dNIw
DA:49,0,JTR5uKFIv21CIaM1nE94oQ
DA:51,0,me59Ki7oJocciG5MKCKhhA
DA:61,0,WrdKJLX6ee6zToThxoiwQg
DA:62,0,MkI7VuBOTJ5xPjli7a9t3w
DA:63,0,+SXs6jr5qKu5HljbVIyiHA
DA:64,0,iAg5xhXUoq+2CtIx6SzNXQ
DA:65,0,ZDVe/sjNPhsVwqgv4KTzPA
DA:66,0,P0fXFyMOyAs5fv/voYHJoQ
DA:67,0,O+eG6pjDtcYwN1p7JEJp1Q
DA:78,0,IK0hXDx7mKWzwiSQZ5IvGw
DA:118,0,uFDjzz/224QXOjgO7bqaVw
DA:152,0,zM+QX6x+xOxC/DiE1oF1ag
DA:229,0,dXj3zOUMjiwC431aZRRPmA
DA:263,0,cMsDJOA5NvAsu2ZFfmM8iA
DA:273,0,6zD7sgoCH95vC7QNJBQh0A
DA:279,0,oaMxUZ0mXWQhjLihPsuPYg
DA:281,0,laQ+v66T1NRPqlO/wzIPTg
DA:282,0,jHvaDUBa76zYKl2G45vDow
DA:305,0,AgzIY/P/Ou56fkdDjcsgWw
DA:306,0,W3YFph8g3OuVle+1QqkVvw
DA:307,0,C0jkgcPPl3g8BvVisr8ElQ
DA:308,0,xjcDBnSwra0OiNOAYAwoHA
DA:309,0,afQJ05QPHb3k3sAGIok5xA
DA:310,0,MQAw7ryZXIqoa+XVvQuYKQ
DA:311,0,B+ZJQ8zBxPMiDZhsnR0Fag
DA:312,0,PDqoagMuT1dZjdZcCfpqNw
DA:319,0,4Xd1dP9QeIP/HgOxyxBkyg
LF:239
LH:204
end_of_record
TN:
SF:/vagrant/django_stachoutils/views/__init__.py
DA:1,1,1B2M2Y8AsgTpgAmY7PhCfg
LF:0
LH:0
end_of_record
TN:
SF:/vagrant/django_stachoutils/views/actions.py
DA:5,1,L2Byj1MdWecGTMk9WioaCg
DA:6,1,rUMzLEyJFsByksl+mhKBHA
DA:7,1,XRpguVB7z3oY0X+L/r+Obw
DA:8,1,n8HuxHsHs52oSq4VYQJ3tw
DA:9,1,FXL1ltBmsCsInKhRda7t3A
DA:10,1,Q4aAV2NjaJ/z3H4EhRQ53Q
DA:11,1,5ix1Xq2JGB7Gsm9OhEFnMg
DA:13,1,KMuARikYB7R+CYU9DVJGAA
LF:8
LH:8
end_of_record
TN:
SF:/vagrant/django_stachoutils/views/generic.py
DA:3,1,3cRVuopzTZHyM7mGOGtuWA
DA:4,1,7GWFxwVFti84l8NkZl180A
DA:5,1,kFDDbPEUDwwjrDVUzYhu5Q
DA:6,1,r7aaIa37unk1dCXE/zVKRA
DA:7,1,Xh10qz4aMW/oTmemZfdobA
DA:8,1,wBHki+chqsu3ID4k0gDbuw
DA:9,1,twiHA3PQ/NxqMC/Qs7003w
DA:10,1,YqKV0OZWNR7BvkoquMXw4w
DA:11,1,PIy9rmO7eC3NvLLD81g1Ew
DA:12,1,xjGS1hd0L8715abGroenZw
DA:13,1,OWg3WQGu/PBo+R1vBn0S1Q
DA:14,1,pqAGO1ZlsqStBOdaYVbBcw
DA:15,1,jQPfNxFkpu/35+eNkZj7jA
DA:16,1,30hI0v3TdAFrTIXD0IN92A
DA:17,1,XK4cPcx0bkdwKrGnWEtJCQ
DA:19,1,Za6MSEsFqtCXjtH4aIaS3g
DA:20,1,dmkfW6i89sAXi8A3gWPIpg
DA:22,1,OB4jL0hF3a2DTI2wc/lCOA
DA:25,1,dWcOxcydyAwtcs+ULfvtbg
DA:26,1,ExrmExChiGlnMmwj0fx58g
DA:27,1,nfyxdIaPumA+goIyvmOKVw
DA:28,1,bLjdACAmpmyPSmroyWt0Eg
DA:29,1,SIxeegy3qQshG/X6hvdPrg
DA:31,1,8XjPvHy/D0SGrh5vbXRcaQ
DA:34,1,TNWaSVacVL3b91apWNXtYQ
DA:45,1,/m5LGE8CkwyLqEhZMO5ghQ
DA:46,1,PfQQFV9IHsc8vQLGP3I92w
DA:49,1,13M4PSv9XWg66jClbZQ0BA
DA:50,1,Q6G2M5L7SHPm45T8Jww+8g
DA:51,1,usNZQ5rdqc8AtkW4OB6jkw
DA:52,1,LOAlVmo/nwgh90neI3fKdA
DA:55,1,8iXl4k3EVYV2N3+LXkN8BA
DA:56,1,kNwZkt5Kq3Ti3/7V669Cvw
DA:57,1,nV6RYfbFbpB2dzWxe3W//A
DA:62,1,IxOjF20FoIlatGq3wNMASQ
DA:63,1,EPbzZEg76+WiCdmdC8twBg
DA:66,1,T9bQUdclQux9HpDv7Hy0ng
DA:67,1,UUtG2C1eRbAULwYS2Nie8g
DA:68,1,dmKHhDTkVXIUr8tz2pV25A
DA:69,1,IZ3f3qlSNstpHVFbes84cw
DA:70,1,+GVKrhtYoy59AJYUWREzgw
DA:71,1,3bnbNctX3G4hL0dF5EmcZQ
DA:74,1,Mj3w88j/hZIxTgJDODbFmA
DA:75,1,3bnbNctX3G4hL0dF5EmcZQ
DA:78,1,awNVgsg/c+Q+fphTzZ/9kg
DA:79,1,olxeAUMKIchJ5PmLXntS4w
DA:82,1,kNwZkt5Kq3Ti3/7V669Cvw
DA:83,1,LTKeGrvvPlpms31jshOedg
DA:84,1,wEfGMJ611GA/wSKR+EDI4w
DA:86,1,KbDymJMy8OphXQwWeA4j4g
DA:87,1,JHOx7MxgfMo1LgpMPlyIWw
DA:88,1,EdxLwYw7EC1vnvSEpL+J8A
DA:89,1,kU0aM17TnAC4KQtmKHEciQ
DA:91,1,6sxMHPo7dk10+pIltdm0gg
DA:94,1,ZvMVxBAE4ykypw2HV0PhlA
DA:97,1,mIIMpCrrp4h7lDGUsRQ12A
DA:98,1,2/fBAihA+NhrvOrFx1mRhQ
DA:108,1,1wA7H3n7c6ODjtRYBLAuJg
DA:109,1,ZeOPHiICgmTRhhB2ucWlXg
DA:112,1,OrnaiW1XTCu7ZPE8B6mjGA
DA:115,1,CQIoLRJZjFSI8CmApJrDkQ
DA:116,1,1iSAVFJ4TvkGNKck8ahfjA
DA:117,1,Vhhbcs9L42MIRKELq9VKJg
DA:118,1,L57X/i3/0FAWZv3Ta3pjeA
DA:119,1,cjbs8gH6HtuAkZhU9y1aGQ
DA:120,1,kRLslhYH8iFcnE2YKmZE/Q
DA:121,1,9ymjpzIkBmIuIALd+DkqCQ
DA:124,1,7jjiy9wFEq58gxH46AQVpA
DA:125,1,6qcyEWIi8PACq66Qz7kZ0Q
DA:126,1,chwVi+9SPa8RC5osj/8prQ
DA:129,1,6XR9n0kJP2S3ZlBp0kcQ5A
DA:130,1,EAKWo0rSyLzcJ9A3UFeKAg
DA:132,1,+E2rd72WMYavU4kByHEa2w
DA:133,1,7acoxip4nz+8wgcxeVKurA
DA:136,1,DMKx7glIC1w8rSmMFDcvoA
DA:138,1,XNg7XHZVrHTno2W9NDMJCw
DA:154,1,jYw1prc5vSOH6XlJYfgxrQ
DA:155,1,IrVtV5GSswGxwKLtexyt1w
DA:158,1,YIZ5rBV/GRDpuCYIAylFTw
DA:159,1,7oa8cMlHQpjS66CPtluvbQ
DA:160,1,z+sqN0iyEUMWxigvpX965Q
DA:161,1,amLSQOe/CQW7EOb7hxlrsA
DA:162,1,BE8o9JbwZ0LqnHDQFcpNuQ
DA:163,1,EIVPD+/nMYnmpVB9wLADgQ
DA:166,1,+S/qQ0DChJljDVCH+st7GA
DA:167,1,RWnKjMZGo5oGnNVL8vmRVQ
DA:169,1,FX0SfmB7KC3dfNAkNRzJ4A
DA:170,1,QvTZ5uy8F8A/j6X7xTewlw
DA:172,1,haIH1qmPu+hRaIWspy7FTg
DA:173,1,nh4Z4ZH2+dqfcGVAO54amA
DA:175,1,M0Qr1a1KPgbsMzZ72bIDLQ
DA:176,1,xvWIcpcyNr0gyGcTkdMxXw
DA:177,1,Oajt7qNrTsLuies9tXcCRA
DA:182,1,w8FKiMiGJfCFbGK0d9bYrw
DA:183,1,UPxx1F9XczTc+PNnVAxOfg
DA:185,1,RduOXfVYofj154BUwFQPXg
DA:187,1,LkLGAkaiF/kZlj/Ge5E3ng
DA:188,1,3gVFN+HWA1u7gt0ZtqimXQ
DA:189,1,o1ZkACU/n971rm6EZI87iw
DA:191,1,XaOb4a+VjGn3VrBSIV4FXg
DA:193,1,k/B6Ou7BXDcXvfz0+NKBxg
DA:194,1,uHC8wxEWd9rPK0nZkfTPDQ
DA:196,1,PxWVI9l1E/qv+TkO0ryRTw
DA:199,1,OPRTSE6StqKCRUo9GTEniQ
DA:200,1,0tUjYEcvtAGHGnykUO92Pw
DA:201,1,ArV3MuoDU86Pal5zBKUlpg
DA:202,1,eJ6zrxnLWn/k18a2vHOhRA
DA:203,1,oC51iPPWZ3Nk0FmBhYgjEQ
DA:204,1,LxaMyZk+1Hlm8n9THTdQlQ
DA:205,1,GJsS3AFOF54sz5zMmI1cfw
DA:207,1,sSYiu5BoBOh1wFocE5ameg
DA:208,1,3bMk4X3gXEK/MTbqSj/vfQ
DA:209,1,kycMaH6XbPuAfUpgfG1Lbg
DA:210,1,LWILTcvARcydjFFyo9qM0A
DA:213,1,XIO3sOelPtzyneCw5O8F3Q
DA:214,1,swTi922wto1Nyw/mf9idVA
DA:215,1,4GCWuxJ5YgXpDdkPF26ZaQ
DA:216,1,96YqPDwO5FBJO92BjVaxmA
DA:217,1,HFAPfOiRwOM6tPnp61bZqQ
DA:218,1,tSXloXDFL94JfkdsnkovgQ
DA:221,1,xjcDBnSwra0OiNOAYAwoHA
DA:222,1,5XYxdprgyx44dTmm8ECDCg
DA:223,1,91ZDRtYwW3ytnJ3qy5Stnw
DA:224,1,WFyalCekHAlSITuMRlLquQ
DA:226,1,wn/3l7zQxmgSWCw4EURs1Q
DA:227,1,tetEHtJCgrB1DJr6LvcSAg
DA:229,1,aHzmiBbcqFQy1tq+G47bww
DA:232,1,qSHxn74D5/jXerF+Vqn2QQ
DA:233,1,yEm/h6UbKyrLfAuibXzQ3Q
DA:234,1,Xeav4ncQYTbQatWEGLcm8g
DA:235,1,qmQXN3BQcBjsLAy61sJpcA
DA:237,1,QzUenkJrVeMPzaFfxp/rVw
DA:240,1,oRHfTiN0+fl3zQcPxaqvKw
DA:254,1,qjhNcwalCVqk6E9dxtpmog
DA:262,1,B/Fo9U4/nMeRNS1JjGZVyQ
DA:263,1,8Ng1fkmPRhHB5z89wa9Udg
DA:264,1,NHM4BdmS+azBMZ2dQfQrgQ
DA:265,1,wWvyVCzDRWfTVXhFZNNl1w
DA:267,1,ODlMa9sanF1Q3Qi2MLsYIA
DA:268,1,nByw65q9HxYeQyPd1pPDsw
DA:269,1,CGFsvsX/pbth/Fm1qIBSGA
DA:271,1,Bj2IL6EsXLsSdFNIpTGTTg
DA:273,1,bUa1dEyujpZEyguL6ox2EQ
DA:274,1,pslcmqGHfcvaQkcQfJEOWw
DA:275,1,rbF/dITAR/m3ZLWXC98wxw
DA:276,1,VvAc5/szP945rnNFW0SNqw
DA:277,1,fMxawMlSS0B8qQRk+10NIA
DA:278,1,bZrVc9VI4lcok0aHAm2EFA
DA:279,1,s7I6upAO/cr/WqorqBMILw
DA:280,1,DKk5ATKz3I/mg3MVnOnPuw
DA:282,1,3DZ7nIYjos/5A29UPBUSSg
DA:284,1,7yRK4YZg7bFPQsMauYbatQ
DA:285,1,kCSs9z64Ne/E6z60LdOR2A
DA:286,1,YisSUNXOMVByrltFAOhBRg
DA:288,1,Z+v43YpcfMEcyd4vgDGOrQ
DA:289,1,d2y1zhdaVdeovu74G+8IHg
DA:290,1,X37cVXQqrzX9u+zioB2wLg
DA:291,1,08jvvqT/zRylNy9Q+dUc7w
DA:293,1,sV4B/6y6j1R9nIhZ6RTpkA
DA:294,1,oRPVfWT3rA5k3ptXQczSDw
DA:295,1,f7aEDcerqxMGVfiy+Y7q3w
DA:296,1,JJZHsAGpmxOKriBXLxiz9Q
DA:297,1,19dK6asdxIcvnQ6QgAeqbw
DA:302,1,08jvvqT/zRylNy9Q+dUc7w
DA:303,1,FQ2lyp7sVPv9CF6Rw0DKsQ
DA:305,1,YY7fS+BB3mCrJ3c+I/6EVg
DA:307,1,N9AmL8JC+fv+2/dXNhqEdg
DA:312,1,EweiA3Ewu448c6UDsAE5iw
DA:314,1,A+1pAPdTyS67N4P8WMhYRQ
DA:315,1,bJuJD3CsVW6yb4z4donulw
DA:318,1,7W3Xt+G1FyvkrGfSOtZrBA
DA:320,1,fofkRzuXbSRtRX7au+z9Ig
DA:323,1,L1fCvSpIJ+qi/e9nA97UWw
DA:326,1,ffqitJDl1P4ULiibgJv1Ww
DA:329,1,Uw9uqMWoFt7w5z/JAcS6TQ
DA:331,1,JalalXl45rlLY3y5sKQUGg
DA:332,1,AHMbMgtliW0aMIkxb++2Ww
DA:333,1,7DFO+huNTN2z7460ygSq1Q
DA:334,1,CiWj0uRHeoW+f0F9GDgU8g
DA:335,1,227nessUXQaIqht0fRTEFw
DA:340,1,RmW+tVFnKAWGdectthBxRA
DA:366,1,7ZQlNYp5+lLB+28kLmAV9Q
DA:367,1,PrhcJ8zmQ5G7lX7fcpBCGA
DA:368,1,V3y700X/v3SLwiQEslSVwA
DA:369,1,P2t60uObqklMgW8QaJZVXA
DA:371,1,bhOwoNyQiJ44HWDgaXK+rw
DA:375,1,uFTwMV7toS8VahHrz4r/VA
DA:376,1,jd7e9l1LmkAuoshCbREhCQ
DA:378,1,2sxBGIKZHxGBZfSthwiK0Q
DA:379,1,apOKh8MU2r/j7B3ZVKvM6g
DA:380,1,Q2F02+KxsXUkAKCYCl/n6g
DA:381,1,yYLbo41YUnpzleonzQJnCA
DA:382,1,CrVguhhaLxV2N6MQMP7lLg
DA:383,1,+lcJUOW7xt+q/X5QLktQLQ
DA:384,1,DEwBX29qsTnLikIyBQWOfA
DA:385,1,HpuQaU0dXHlGucV45e1aYQ
DA:386,1,zdONlOBq7ViIUtyAYcniUA
DA:387,1,djfdBoNYl7+4VTxeQPyi8g
DA:389,1,Y6bXG2VfSJGxF+vMffDNlg
DA:391,1,ciLhyWTi1h83sGkp4w3PHg
DA:392,1,6UUcHHUxUXADcNHbR3oPiQ
DA:393,1,mNEcX5sd98Lb6PwFyLlXJQ
DA:394,1,BhaIUlSh6Od1N4hqIyj9fw
DA:395,1,CYfLI661Rn46S6K0s0unxQ
DA:397,1,Kc67ccw1SBgyGqTIMnKAkw
DA:398,1,R3/d3+vcKrTyMJa0laloMg
DA:399,1,YmtjDm58Bjq/KkdsXtakNA
DA:401,1,LSO8s80eFbFOZYPYOwI2jA
DA:402,1,5RiOufI2c5qo8gnyUsakrA
DA:404,1,sA4QtK8d9s+3Jt20c+b75A
DA:406,1,qaTz0yx7gaA+CvVCR9QhqQ
DA:407,1,JsJ8pxanBRHtW0Jp83xqAw
DA:408,1,x32FHFF9bNjommgpDHkbdQ
DA:410,1,xOCMm4iP/n0seeS8qbX/uw
DA:412,1,xphi0MvqTl9fpMTxT5enDQ
DA:413,1,jzc0ihV6NVWTmN+BknGAEQ
DA:414,1,R2TWoUVc3/p8Wsjq+IczBw
DA:415,1,dlG44bKwQ8hOqLyhspqh6w
DA:416,1,f4qjwB3vR0uA168OnzcGSA
DA:419,1,lE05cQzjOnrtYRVv1SenWQ
DA:420,1,bDe8/YMgkjjdJkzT1VUPCQ
DA:421,1,N0CwoL5kvanakSOiXIeu+Q
DA:422,1,25CH77iSZNKrZaH3dWNPFQ
DA:423,1,2wxGcNMZYjG9eF4tc4SNuQ
DA:426,1,CSBautGdZ7UiqdF4YcZSOQ
DA:427,1,XR7AHRb2HEXx8uat4kPSiw
DA:429,1,SWSkj5+MZA/HynXHddZpIA
DA:430,1,1h2UQITwO0yjl8YT7RWuSQ
DA:431,1,IUws5QL7mOL9D65cpXDHGw
DA:432,1,pF0iuDu36BcCeEP3M4A6mA
DA:434,1,xOCMm4iP/n0seeS8qbX/uw
DA:435,1,xphi0MvqTl9fpMTxT5enDQ
DA:436,1,J+D0ZkWZYzYZBqnemdWAZw
DA:437,1,tOqxXkwp6xpFGzooNG4ccA
DA:438,1,dlG44bKwQ8hOqLyhspqh6w
DA:439,1,f4qjwB3vR0uA168OnzcGSA
DA:441,1,LSO8s80eFbFOZYPYOwI2jA
DA:443,1,nme0sxJ8MN9WE2xEAK1XIQ
DA:444,1,KkNalvg4VMnM2VMBQbjFfA
DA:445,1,x32FHFF9bNjommgpDHkbdQ
DA:448,1,ebj7qXAvNv8wC7uuVQRUQg
DA:449,1,8YCWAmeZ3CDurSNgEooIvQ
DA:450,1,z+Wm0g25Q73YfDkszBAb9A
DA:451,1,dRDrPFpDxiFIOF+2Pby5QQ
DA:452,1,UaXOmOcX5I7uypuJo6XFdg
DA:453,1,MVJHrX6epV4e6KGdkRYyXA
DA:455,1,xOCMm4iP/n0seeS8qbX/uw
DA:456,1,gEv9+FYBqCxHR1c88cqs4A
DA:458,1,dlG44bKwQ8hOqLyhspqh6w
DA:459,1,f4qjwB3vR0uA168OnzcGSA
DA:461,1,LSO8s80eFbFOZYPYOwI2jA
DA:462,1,F03D0kiToUPg2p7JuLEsCw
DA:463,1,sA4QtK8d9s+3Jt20c+b75A
DA:464,1,FIi7xfTKPzCBuQdPygJGnA
DA:465,1,VwPN6lBjx+V6kOFf9HAEGQ
DA:466,1,x32FHFF9bNjommgpDHkbdQ
DA:92,0,xANPAAe+6R3mfyCOAN4h4Q
DA:180,0,Dr4iceMEi7qvXsS7VW/wYg
DA:181,0,1cKnzZ6fsG3JdoAHEXoUHw
DA:228,0,GbibgNjbU/xKThVUfCWAzA
DA:236,0,2BEtuqKbnF6PRLkkWwfdjw
DA:370,0,IeWHJRs9T2HczaE1Y2lNMg
DA:372,0,eJ6zrxnLWn/k18a2vHOhRA
DA:396,0,A7BiktxY9uhcqELP+ChUAQ
DA:457,0,1Eh6INHq/oKoJvKkddA+Gg
LF:263
LH:254
end_of_record
